#
# There is insufficient memory for the Java Runtime Environment to continue.
# Native memory allocation (malloc) failed to allocate 156976 bytes. Error detail: Chunk::new
# Possible reasons:
#   The system is out of physical RAM or swap space
#   This process is running with CompressedOops enabled, and the Java Heap may be blocking the growth of the native heap
# Possible solutions:
#   Reduce memory load on the system
#   Increase physical memory or swap space
#   Check if swap backing store is full
#   Decrease Java heap size (-Xmx/-Xms)
#   Decrease number of Java threads
#   Decrease Java thread stack sizes (-Xss)
#   Set larger code cache with -XX:ReservedCodeCacheSize=
#   JVM is running with Unscaled Compressed Oops mode in which the Java heap is
#     placed in the first 4GB address space. The Java Heap base address is the
#     maximum limit for the native heap growth. Please use -XX:HeapBaseMinAddress
#     to set the Java Heap base and to place the Java Heap above 4GB virtual address.
# This output file may be truncated or incomplete.
#
#  Out of Memory Error (arena.cpp:191), pid=35124, tid=18872
#
# JRE version: OpenJDK Runtime Environment Temurin-17.0.12+7 (17.0.12+7) (build 17.0.12+7)
# Java VM: OpenJDK 64-Bit Server VM Temurin-17.0.12+7 (17.0.12+7, mixed mode, tiered, compressed oops, compressed class ptrs, parallel gc, windows-amd64)
# No core dump will be written. Minidumps are not enabled by default on client versions of Windows
#

---------------  S U M M A R Y ------------

Command Line: --add-modules=ALL-SYSTEM --add-opens=java.base/java.util=ALL-UNNAMED --add-opens=java.base/java.lang=ALL-UNNAMED --add-opens=java.base/sun.nio.fs=ALL-UNNAMED -Declipse.application=org.eclipse.jdt.ls.core.id1 -Dosgi.bundles.defaultStartLevel=4 -Declipse.product=org.eclipse.jdt.ls.core.product -Djava.import.generatesMetadataFilesAtProjectRoot=false -DDetectVMInstallationsJob.disabled=true -Dfile.encoding=utf8 -XX:+UseParallelGC -XX:GCTimeRatio=4 -XX:AdaptiveSizePolicyWeight=90 -Dsun.zip.disableMemoryMapping=true -Xmx1G -Xms100m -Xlog:disable -javaagent:c:\Users\lenovo\.vscode\extensions\redhat.java-1.34.0-win32-x64\lombok\lombok-1.18.33.jar -XX:+HeapDumpOnOutOfMemoryError -XX:HeapDumpPath=c:\Users\lenovo\AppData\Roaming\Code\User\workspaceStorage\92040cb5da91c5baac7e4cdc55b6953e\redhat.java -Daether.dependencyCollector.impl=bf c:\Users\lenovo\.vscode\extensions\redhat.java-1.34.0-win32-x64\server\plugins\org.eclipse.equinox.launcher_1.6.900.v20240613-2009.jar -configuration c:\Users\lenovo\AppData\Roaming\Code\User\globalStorage\redhat.java\1.34.0\config_win -data c:\Users\lenovo\AppData\Roaming\Code\User\workspaceStorage\92040cb5da91c5baac7e4cdc55b6953e\redhat.java\jdt_ws --pipe=\\.\pipe\lsp-60f219137988248051f38e42c071f6e4-sock

Host: AMD Ryzen 5 5625U with Radeon Graphics         , 12 cores, 13G,  Windows 11 , 64 bit Build 22621 (10.0.22621.3958)
Time: Fri Sep 13 23:53:23 2024 India Standard Time elapsed time: 136.937165 seconds (0d 0h 2m 16s)

---------------  T H R E A D  ---------------

Current thread (0x000001d7330c73a0):  JavaThread "C2 CompilerThread0" daemon [_thread_in_native, id=18872, stack(0x0000008912200000,0x0000008912300000)]


Current CompileTask:
C2: 136937 8034       4       java.util.regex.Pattern$CharPropertyGreedy::match (160 bytes)

Stack: [0x0000008912200000,0x0000008912300000]
Native frames: (J=compiled Java code, j=interpreted, Vv=VM code, C=native code)
V  [jvm.dll+0x67f929]
V  [jvm.dll+0x8371ba]
V  [jvm.dll+0x838c7e]
V  [jvm.dll+0x8392e3]
V  [jvm.dll+0x24834f]
V  [jvm.dll+0xac9d4]
V  [jvm.dll+0xad01c]
V  [jvm.dll+0x2af96f]
V  [jvm.dll+0x5868d7]
V  [jvm.dll+0x2231c2]
V  [jvm.dll+0x2235bf]
V  [jvm.dll+0x21c6e0]
V  [jvm.dll+0x219be1]
V  [jvm.dll+0x1a58bd]
V  [jvm.dll+0x229a2d]
V  [jvm.dll+0x227bdc]
V  [jvm.dll+0x7ec1f7]
V  [jvm.dll+0x7e65dc]
V  [jvm.dll+0x67e7f7]
C  [ucrtbase.dll+0x29333]
C  [KERNEL32.DLL+0x1257d]
C  [ntdll.dll+0x5af28]


---------------  P R O C E S S  ---------------

Threads class SMR info:
_java_thread_list=0x000001d73d9a8470, length=41, elements={
0x000001d71f23f290, 0x000001d738195d90, 0x000001d7381982d0, 0x000001d7381be3a0,
0x000001d7381beed0, 0x000001d7381c1980, 0x000001d7381c0f60, 0x000001d7330c73a0,
0x000001d7330c9890, 0x000001d7330cc560, 0x000001d7381c37e0, 0x000001d7381c3cf0,
0x000001d7381c1470, 0x000001d7381c23a0, 0x000001d7381c32d0, 0x000001d7381c0540,
0x000001d7381c1e90, 0x000001d7381c2dc0, 0x000001d73a5dc310, 0x000001d73a5de170,
0x000001d73a5db3e0, 0x000001d73a5db8f0, 0x000001d73a5dcd30, 0x000001d73a5e09f0,
0x000001d73a5d9580, 0x000001d73a5dd750, 0x000001d73a5e04e0, 0x000001d73a5ddc60,
0x000001d73a5d9fa0, 0x000001d73a5dc820, 0x000001d73a5df5b0, 0x000001d73a5dd240,
0x000001d73a5de680, 0x000001d73a5d9a90, 0x000001d73a5da4b0, 0x000001d73a5dfac0,
0x000001d73a5dbe00, 0x000001d73a5da9c0, 0x000001d73a5deb90, 0x000001d73e5c3240,
0x000001d73e5c2310
}

Java Threads: ( => current thread )
  0x000001d71f23f290 JavaThread "main" [_thread_blocked, id=9920, stack(0x0000008911900000,0x0000008911a00000)]
  0x000001d738195d90 JavaThread "Reference Handler" daemon [_thread_blocked, id=15188, stack(0x0000008911c00000,0x0000008911d00000)]
  0x000001d7381982d0 JavaThread "Finalizer" daemon [_thread_blocked, id=8572, stack(0x0000008911d00000,0x0000008911e00000)]
  0x000001d7381be3a0 JavaThread "Signal Dispatcher" daemon [_thread_blocked, id=12588, stack(0x0000008911e00000,0x0000008911f00000)]
  0x000001d7381beed0 JavaThread "Attach Listener" daemon [_thread_blocked, id=28148, stack(0x0000008911f00000,0x0000008912000000)]
  0x000001d7381c1980 JavaThread "Service Thread" daemon [_thread_blocked, id=23204, stack(0x0000008912000000,0x0000008912100000)]
  0x000001d7381c0f60 JavaThread "Monitor Deflation Thread" daemon [_thread_blocked, id=32100, stack(0x0000008912100000,0x0000008912200000)]
=>0x000001d7330c73a0 JavaThread "C2 CompilerThread0" daemon [_thread_in_native, id=18872, stack(0x0000008912200000,0x0000008912300000)]
  0x000001d7330c9890 JavaThread "C1 CompilerThread0" daemon [_thread_blocked, id=14064, stack(0x0000008912300000,0x0000008912400000)]
  0x000001d7330cc560 JavaThread "Sweeper thread" daemon [_thread_blocked, id=19008, stack(0x0000008912400000,0x0000008912500000)]
  0x000001d7381c37e0 JavaThread "Common-Cleaner" daemon [_thread_blocked, id=33356, stack(0x0000008912500000,0x0000008912600000)]
  0x000001d7381c3cf0 JavaThread "Notification Thread" daemon [_thread_blocked, id=6296, stack(0x0000008912600000,0x0000008912700000)]
  0x000001d7381c1470 JavaThread "Active Thread: Equinox Container: 4fee8d03-c484-48c1-9050-8cfadf54cdaa" [_thread_blocked, id=15520, stack(0x0000008913000000,0x0000008913100000)]
  0x000001d7381c23a0 JavaThread "Framework Event Dispatcher: Equinox Container: 4fee8d03-c484-48c1-9050-8cfadf54cdaa" daemon [_thread_blocked, id=2588, stack(0x0000008912e00000,0x0000008912f00000)]
  0x000001d7381c32d0 JavaThread "Start Level: Equinox Container: 4fee8d03-c484-48c1-9050-8cfadf54cdaa" daemon [_thread_blocked, id=37896, stack(0x0000008912f00000,0x0000008913000000)]
  0x000001d7381c0540 JavaThread "Bundle File Closer" daemon [_thread_blocked, id=8568, stack(0x0000008913300000,0x0000008913400000)]
  0x000001d7381c1e90 JavaThread "SCR Component Actor" daemon [_thread_blocked, id=3168, stack(0x0000008913200000,0x0000008913300000)]
  0x000001d7381c2dc0 JavaThread "Worker-JM" [_thread_blocked, id=28044, stack(0x0000008913700000,0x0000008913800000)]
  0x000001d73a5dc310 JavaThread "JNA Cleaner" daemon [_thread_blocked, id=24260, stack(0x0000008913900000,0x0000008913a00000)]
  0x000001d73a5de170 JavaThread "Worker-0" [_thread_blocked, id=27220, stack(0x0000008913a00000,0x0000008913b00000)]
  0x000001d73a5db3e0 JavaThread "Java indexing" daemon [_thread_blocked, id=14500, stack(0x0000008913c00000,0x0000008913d00000)]
  0x000001d73a5db8f0 JavaThread "Worker-2" [_thread_blocked, id=24720, stack(0x0000008913d00000,0x0000008913e00000)]
  0x000001d73a5dcd30 JavaThread "Worker-3: Initialize Workspace" [_thread_in_Java, id=16452, stack(0x0000008913f00000,0x0000008914000000)]
  0x000001d73a5e09f0 JavaThread "Thread-2" daemon [_thread_in_native, id=26872, stack(0x0000008914000000,0x0000008914100000)]
  0x000001d73a5d9580 JavaThread "Thread-3" daemon [_thread_in_native, id=14692, stack(0x0000008914100000,0x0000008914200000)]
  0x000001d73a5dd750 JavaThread "Thread-4" daemon [_thread_in_native, id=28836, stack(0x0000008914200000,0x0000008914300000)]
  0x000001d73a5e04e0 JavaThread "Thread-5" daemon [_thread_in_native, id=12604, stack(0x0000008914300000,0x0000008914400000)]
  0x000001d73a5ddc60 JavaThread "Thread-6" daemon [_thread_in_native, id=25660, stack(0x0000008914400000,0x0000008914500000)]
  0x000001d73a5d9fa0 JavaThread "Thread-7" daemon [_thread_in_native, id=30736, stack(0x0000008914500000,0x0000008914600000)]
  0x000001d73a5dc820 JavaThread "Thread-8" daemon [_thread_in_native, id=25740, stack(0x0000008914600000,0x0000008914700000)]
  0x000001d73a5df5b0 JavaThread "Thread-9" daemon [_thread_in_native, id=17508, stack(0x0000008914700000,0x0000008914800000)]
  0x000001d73a5dd240 JavaThread "Thread-10" daemon [_thread_in_native, id=18420, stack(0x0000008914800000,0x0000008914900000)]
  0x000001d73a5de680 JavaThread "Thread-11" daemon [_thread_in_native, id=8332, stack(0x0000008914900000,0x0000008914a00000)]
  0x000001d73a5d9a90 JavaThread "Thread-12" daemon [_thread_in_native, id=16092, stack(0x0000008914a00000,0x0000008914b00000)]
  0x000001d73a5da4b0 JavaThread "Thread-13" daemon [_thread_in_native, id=21532, stack(0x0000008914b00000,0x0000008914c00000)]
  0x000001d73a5dfac0 JavaThread "Thread-14" daemon [_thread_in_native, id=5896, stack(0x0000008914c00000,0x0000008914d00000)]
  0x000001d73a5dbe00 JavaThread "pool-2-thread-1" [_thread_blocked, id=37916, stack(0x0000008914d00000,0x0000008914e00000)]
  0x000001d73a5da9c0 JavaThread "WorkspaceEventsHandler" [_thread_blocked, id=36304, stack(0x0000008914e00000,0x0000008914f00000)]
  0x000001d73a5deb90 JavaThread "pool-1-thread-1" [_thread_blocked, id=30676, stack(0x0000008914f00000,0x0000008915000000)]
  0x000001d73e5c3240 JavaThread "Timer-0" [_thread_blocked, id=23836, stack(0x0000008913e00000,0x0000008913f00000)]
  0x000001d73e5c2310 JavaThread "Timer-1" [_thread_blocked, id=32700, stack(0x0000008915300000,0x0000008915400000)]

Other Threads:
  0x000001d738194870 VMThread "VM Thread" [stack: 0x0000008911b00000,0x0000008911c00000] [id=9800]
  0x000001d73997a130 WatcherThread [stack: 0x0000008912700000,0x0000008912800000] [id=29172]
  0x000001d71f254e60 GCTaskThread "GC Thread#0" [stack: 0x0000008911a00000,0x0000008911b00000] [id=32600]
  0x000001d73a052960 GCTaskThread "GC Thread#1" [stack: 0x0000008912800000,0x0000008912900000] [id=2380]
  0x000001d73a19a050 GCTaskThread "GC Thread#2" [stack: 0x0000008912900000,0x0000008912a00000] [id=8224]
  0x000001d73a19a310 GCTaskThread "GC Thread#3" [stack: 0x0000008912a00000,0x0000008912b00000] [id=17476]
  0x000001d73a19a5d0 GCTaskThread "GC Thread#4" [stack: 0x0000008912b00000,0x0000008912c00000] [id=19492]
  0x000001d73a050e00 GCTaskThread "GC Thread#5" [stack: 0x0000008912c00000,0x0000008912d00000] [id=11712]
  0x000001d73a0510c0 GCTaskThread "GC Thread#6" [stack: 0x0000008912d00000,0x0000008912e00000] [id=10424]
  0x000001d738505380 GCTaskThread "GC Thread#7" [stack: 0x0000008913100000,0x0000008913200000] [id=33484]
  0x000001d739bcf050 GCTaskThread "GC Thread#8" [stack: 0x0000008913400000,0x0000008913500000] [id=24024]
  0x000001d739bcf310 GCTaskThread "GC Thread#9" [stack: 0x0000008913500000,0x0000008913600000] [id=25976]

Threads with active compile tasks:
C2 CompilerThread0   136993 8034       4       java.util.regex.Pattern$CharPropertyGreedy::match (160 bytes)

VM state: not at safepoint (normal execution)

VM Mutex/Monitor currently owned by a thread: None

Heap address: 0x00000000c0000000, size: 1024 MB, Compressed Oops mode: 32-bit

CDS archive(s) not mapped
Compressed class space mapped at: 0x0000000100000000-0x0000000140000000, reserved size: 1073741824
Narrow klass base: 0x0000000000000000, Narrow klass shift: 3, Narrow klass range: 0x140000000

GC Precious Log:
 CPUs: 12 total, 12 available
 Memory: 14188M
 Large Page Support: Disabled
 NUMA Support: Disabled
 Compressed Oops: Enabled (32-bit)
 Alignments: Space 512K, Generation 512K, Heap 2M
 Heap Min Capacity: 100M
 Heap Initial Capacity: 100M
 Heap Max Capacity: 1G
 Pre-touch: Disabled
 Parallel Workers: 10

Heap:
 PSYoungGen      total 20480K, used 1521K [0x00000000eab00000, 0x00000000ec880000, 0x0000000100000000)
  eden space 19968K, 6% used [0x00000000eab00000,0x00000000eac3c718,0x00000000ebe80000)
  from space 512K, 50% used [0x00000000ec780000,0x00000000ec7c0000,0x00000000ec800000)
  to   space 512K, 0% used [0x00000000ec800000,0x00000000ec800000,0x00000000ec880000)
 ParOldGen       total 68608K, used 44734K [0x00000000c0000000, 0x00000000c4300000, 0x00000000eab00000)
  object space 68608K, 65% used [0x00000000c0000000,0x00000000c2baf8c0,0x00000000c4300000)
 Metaspace       used 67153K, committed 68224K, reserved 1114112K
  class space    used 7860K, committed 8320K, reserved 1048576K

Card table byte_map: [0x000001d71ebe0000,0x000001d71edf0000] _byte_map_base: 0x000001d71e5e0000

Marking Bits: (ParMarkBitMap*) 0x00007ffeb1c358b0
 Begin Bits: [0x000001d730ed0000, 0x000001d731ed0000)
 End Bits:   [0x000001d731ed0000, 0x000001d732ed0000)

Polling page: 0x000001d71d220000

Metaspace:

Usage:
  Non-class:     57.90 MB used.
      Class:      7.68 MB used.
       Both:     65.58 MB used.

Virtual space:
  Non-class space:       64.00 MB reserved,      58.50 MB ( 91%) committed,  1 nodes.
      Class space:        1.00 GB reserved,       8.12 MB ( <1%) committed,  1 nodes.
             Both:        1.06 GB reserved,      66.62 MB (  6%) committed. 

Chunk freelists:
   Non-Class:  5.52 MB
       Class:  7.91 MB
        Both:  13.42 MB

MaxMetaspaceSize: unlimited
CompressedClassSpaceSize: 1.00 GB
Initial GC threshold: 21.00 MB
Current GC threshold: 97.31 MB
CDS: off
MetaspaceReclaimPolicy: balanced
 - commit_granule_bytes: 65536.
 - commit_granule_words: 8192.
 - virtual_space_node_default_size: 8388608.
 - enlarge_chunks_in_place: 1.
 - new_chunks_are_fully_committed: 0.
 - uncommit_free_chunks: 1.
 - use_allocation_guard: 0.
 - handle_deallocations: 1.


Internal statistics:

num_allocs_failed_limit: 9.
num_arena_births: 706.
num_arena_deaths: 40.
num_vsnodes_births: 2.
num_vsnodes_deaths: 0.
num_space_committed: 1066.
num_space_uncommitted: 0.
num_chunks_returned_to_freelist: 54.
num_chunks_taken_from_freelist: 3127.
num_chunk_merges: 14.
num_chunk_splits: 1987.
num_chunks_enlarged: 1264.
num_inconsistent_stats: 0.

CodeHeap 'non-profiled nmethods': size=120000Kb used=4469Kb max_used=4851Kb free=115530Kb
 bounds [0x000001d7299a0000, 0x000001d729e60000, 0x000001d730ed0000]
CodeHeap 'profiled nmethods': size=120000Kb used=11678Kb max_used=13760Kb free=108322Kb
 bounds [0x000001d721ed0000, 0x000001d722c50000, 0x000001d729400000]
CodeHeap 'non-nmethods': size=5760Kb used=1366Kb max_used=1423Kb free=4393Kb
 bounds [0x000001d729400000, 0x000001d729670000, 0x000001d7299a0000]
 total_blobs=7084 nmethods=6379 adapters=617
 compilation: enabled
              stopped_count=0, restarted_count=0
 full_count=0

Compilation events (20 events):
Event: 133.903 Thread 0x000001d7330c9890 8024       3       com.esotericsoftware.kryo.io.Input::readLong (6 bytes)
Event: 133.904 Thread 0x000001d7330c9890 nmethod 8024 0x000001d721fa0d90 code [0x000001d721fa0f40, 0x000001d721fa1088]
Event: 133.934 Thread 0x000001d7330c73a0 nmethod 8022 0x000001d729b31790 code [0x000001d729b31a20, 0x000001d729b332b8]
Event: 136.901 Thread 0x000001d7330c9890 8025       3       java.util.LinkedList::checkPositionIndex (22 bytes)
Event: 136.902 Thread 0x000001d7330c9890 nmethod 8025 0x000001d721f0e790 code [0x000001d721f0e9e0, 0x000001d721f0f108]
Event: 136.902 Thread 0x000001d7330c9890 8026       3       java.util.LinkedList::isPositionIndex (18 bytes)
Event: 136.902 Thread 0x000001d7330c9890 nmethod 8026 0x000001d722104c10 code [0x000001d722104da0, 0x000001d722104f38]
Event: 136.916 Thread 0x000001d7330c73a0 8027       4       java.lang.StringBuilder::append (8 bytes)
Event: 136.922 Thread 0x000001d7330c9890 8030       3       org.eclipse.core.internal.localstore.FileSystemResourceManager::getStoreRoot (229 bytes)
Event: 136.924 Thread 0x000001d7330c9890 nmethod 8030 0x000001d72255e890 code [0x000001d72255ec80, 0x000001d722560d38]
Event: 136.924 Thread 0x000001d7330c9890 8033       3       java.util.regex.Pattern$$Lambda$24/0x00000001000b3bc0::is (5 bytes)
Event: 136.924 Thread 0x000001d7330c9890 nmethod 8033 0x000001d721fe1110 code [0x000001d721fe12c0, 0x000001d721fe1538]
Event: 136.924 Thread 0x000001d7330c9890 8032       3       java.lang.String::codePointAt (50 bytes)
Event: 136.925 Thread 0x000001d7330c9890 nmethod 8032 0x000001d72207b810 code [0x000001d72207ba00, 0x000001d72207bda8]
Event: 136.925 Thread 0x000001d7330c9890 8031       3       org.eclipse.core.internal.resources.Project::getProject (2 bytes)
Event: 136.925 Thread 0x000001d7330c9890 nmethod 8031 0x000001d72204ff10 code [0x000001d7220500a0, 0x000001d7220501b8]
Event: 136.925 Thread 0x000001d7330c73a0 nmethod 8027 0x000001d7299ddb10 code [0x000001d7299ddcc0, 0x000001d7299de398]
Event: 136.926 Thread 0x000001d7330c73a0 8034       4       java.util.regex.Pattern$CharPropertyGreedy::match (160 bytes)
Event: 136.932 Thread 0x000001d7330c9890 8036       3       java.nio.file.SimpleFileVisitor::postVisitDirectory (15 bytes)
Event: 136.932 Thread 0x000001d7330c9890 nmethod 8036 0x000001d7221b4710 code [0x000001d7221b48c0, 0x000001d7221b4b88]

GC Heap History (20 events):
Event: 126.014 GC heap before
{Heap before GC invocations=44 (full 3):
 PSYoungGen      total 20480K, used 20128K [0x00000000eab00000, 0x00000000ec880000, 0x0000000100000000)
  eden space 19968K, 100% used [0x00000000eab00000,0x00000000ebe80000,0x00000000ebe80000)
  from space 512K, 31% used [0x00000000ec800000,0x00000000ec828000,0x00000000ec880000)
  to   space 512K, 0% used [0x00000000ec780000,0x00000000ec780000,0x00000000ec800000)
 ParOldGen       total 68608K, used 44442K [0x00000000c0000000, 0x00000000c4300000, 0x00000000eab00000)
  object space 68608K, 64% used [0x00000000c0000000,0x00000000c2b668b0,0x00000000c4300000)
 Metaspace       used 67070K, committed 68096K, reserved 1114112K
  class space    used 7849K, committed 8320K, reserved 1048576K
}
Event: 126.016 GC heap after
{Heap after GC invocations=44 (full 3):
 PSYoungGen      total 20480K, used 224K [0x00000000eab00000, 0x00000000ec880000, 0x0000000100000000)
  eden space 19968K, 0% used [0x00000000eab00000,0x00000000eab00000,0x00000000ebe80000)
  from space 512K, 43% used [0x00000000ec780000,0x00000000ec7b8000,0x00000000ec800000)
  to   space 512K, 0% used [0x00000000ec800000,0x00000000ec800000,0x00000000ec880000)
 ParOldGen       total 68608K, used 44466K [0x00000000c0000000, 0x00000000c4300000, 0x00000000eab00000)
  object space 68608K, 64% used [0x00000000c0000000,0x00000000c2b6c8b0,0x00000000c4300000)
 Metaspace       used 67070K, committed 68096K, reserved 1114112K
  class space    used 7849K, committed 8320K, reserved 1048576K
}
Event: 128.058 GC heap before
{Heap before GC invocations=45 (full 3):
 PSYoungGen      total 20480K, used 20192K [0x00000000eab00000, 0x00000000ec880000, 0x0000000100000000)
  eden space 19968K, 100% used [0x00000000eab00000,0x00000000ebe80000,0x00000000ebe80000)
  from space 512K, 43% used [0x00000000ec780000,0x00000000ec7b8000,0x00000000ec800000)
  to   space 512K, 0% used [0x00000000ec800000,0x00000000ec800000,0x00000000ec880000)
 ParOldGen       total 68608K, used 44466K [0x00000000c0000000, 0x00000000c4300000, 0x00000000eab00000)
  object space 68608K, 64% used [0x00000000c0000000,0x00000000c2b6c8b0,0x00000000c4300000)
 Metaspace       used 67074K, committed 68096K, reserved 1114112K
  class space    used 7849K, committed 8320K, reserved 1048576K
}
Event: 128.059 GC heap after
{Heap after GC invocations=45 (full 3):
 PSYoungGen      total 20480K, used 192K [0x00000000eab00000, 0x00000000ec880000, 0x0000000100000000)
  eden space 19968K, 0% used [0x00000000eab00000,0x00000000eab00000,0x00000000ebe80000)
  from space 512K, 37% used [0x00000000ec800000,0x00000000ec830000,0x00000000ec880000)
  to   space 512K, 0% used [0x00000000ec780000,0x00000000ec780000,0x00000000ec800000)
 ParOldGen       total 68608K, used 44506K [0x00000000c0000000, 0x00000000c4300000, 0x00000000eab00000)
  object space 68608K, 64% used [0x00000000c0000000,0x00000000c2b768b0,0x00000000c4300000)
 Metaspace       used 67074K, committed 68096K, reserved 1114112K
  class space    used 7849K, committed 8320K, reserved 1048576K
}
Event: 128.359 GC heap before
{Heap before GC invocations=46 (full 3):
 PSYoungGen      total 20480K, used 20160K [0x00000000eab00000, 0x00000000ec880000, 0x0000000100000000)
  eden space 19968K, 100% used [0x00000000eab00000,0x00000000ebe80000,0x00000000ebe80000)
  from space 512K, 37% used [0x00000000ec800000,0x00000000ec830000,0x00000000ec880000)
  to   space 512K, 0% used [0x00000000ec780000,0x00000000ec780000,0x00000000ec800000)
 ParOldGen       total 68608K, used 44506K [0x00000000c0000000, 0x00000000c4300000, 0x00000000eab00000)
  object space 68608K, 64% used [0x00000000c0000000,0x00000000c2b768b0,0x00000000c4300000)
 Metaspace       used 67074K, committed 68096K, reserved 1114112K
  class space    used 7849K, committed 8320K, reserved 1048576K
}
Event: 128.367 GC heap after
{Heap after GC invocations=46 (full 3):
 PSYoungGen      total 20480K, used 128K [0x00000000eab00000, 0x00000000ec880000, 0x0000000100000000)
  eden space 19968K, 0% used [0x00000000eab00000,0x00000000eab00000,0x00000000ebe80000)
  from space 512K, 25% used [0x00000000ec780000,0x00000000ec7a0000,0x00000000ec800000)
  to   space 512K, 0% used [0x00000000ec800000,0x00000000ec800000,0x00000000ec880000)
 ParOldGen       total 68608K, used 44542K [0x00000000c0000000, 0x00000000c4300000, 0x00000000eab00000)
  object space 68608K, 64% used [0x00000000c0000000,0x00000000c2b7f8c0,0x00000000c4300000)
 Metaspace       used 67074K, committed 68096K, reserved 1114112K
  class space    used 7849K, committed 8320K, reserved 1048576K
}
Event: 128.640 GC heap before
{Heap before GC invocations=47 (full 3):
 PSYoungGen      total 20480K, used 20096K [0x00000000eab00000, 0x00000000ec880000, 0x0000000100000000)
  eden space 19968K, 100% used [0x00000000eab00000,0x00000000ebe80000,0x00000000ebe80000)
  from space 512K, 25% used [0x00000000ec780000,0x00000000ec7a0000,0x00000000ec800000)
  to   space 512K, 0% used [0x00000000ec800000,0x00000000ec800000,0x00000000ec880000)
 ParOldGen       total 68608K, used 44542K [0x00000000c0000000, 0x00000000c4300000, 0x00000000eab00000)
  object space 68608K, 64% used [0x00000000c0000000,0x00000000c2b7f8c0,0x00000000c4300000)
 Metaspace       used 67075K, committed 68096K, reserved 1114112K
  class space    used 7849K, committed 8320K, reserved 1048576K
}
Event: 128.641 GC heap after
{Heap after GC invocations=47 (full 3):
 PSYoungGen      total 20480K, used 224K [0x00000000eab00000, 0x00000000ec880000, 0x0000000100000000)
  eden space 19968K, 0% used [0x00000000eab00000,0x00000000eab00000,0x00000000ebe80000)
  from space 512K, 43% used [0x00000000ec800000,0x00000000ec838000,0x00000000ec880000)
  to   space 512K, 0% used [0x00000000ec780000,0x00000000ec780000,0x00000000ec800000)
 ParOldGen       total 68608K, used 44542K [0x00000000c0000000, 0x00000000c4300000, 0x00000000eab00000)
  object space 68608K, 64% used [0x00000000c0000000,0x00000000c2b7f8c0,0x00000000c4300000)
 Metaspace       used 67075K, committed 68096K, reserved 1114112K
  class space    used 7849K, committed 8320K, reserved 1048576K
}
Event: 128.767 GC heap before
{Heap before GC invocations=48 (full 3):
 PSYoungGen      total 20480K, used 20192K [0x00000000eab00000, 0x00000000ec880000, 0x0000000100000000)
  eden space 19968K, 100% used [0x00000000eab00000,0x00000000ebe80000,0x00000000ebe80000)
  from space 512K, 43% used [0x00000000ec800000,0x00000000ec838000,0x00000000ec880000)
  to   space 512K, 0% used [0x00000000ec780000,0x00000000ec780000,0x00000000ec800000)
 ParOldGen       total 68608K, used 44542K [0x00000000c0000000, 0x00000000c4300000, 0x00000000eab00000)
  object space 68608K, 64% used [0x00000000c0000000,0x00000000c2b7f8c0,0x00000000c4300000)
 Metaspace       used 67075K, committed 68096K, reserved 1114112K
  class space    used 7849K, committed 8320K, reserved 1048576K
}
Event: 128.767 GC heap after
{Heap after GC invocations=48 (full 3):
 PSYoungGen      total 20480K, used 160K [0x00000000eab00000, 0x00000000ec880000, 0x0000000100000000)
  eden space 19968K, 0% used [0x00000000eab00000,0x00000000eab00000,0x00000000ebe80000)
  from space 512K, 31% used [0x00000000ec780000,0x00000000ec7a8000,0x00000000ec800000)
  to   space 512K, 0% used [0x00000000ec800000,0x00000000ec800000,0x00000000ec880000)
 ParOldGen       total 68608K, used 44590K [0x00000000c0000000, 0x00000000c4300000, 0x00000000eab00000)
  object space 68608K, 64% used [0x00000000c0000000,0x00000000c2b8b8c0,0x00000000c4300000)
 Metaspace       used 67075K, committed 68096K, reserved 1114112K
  class space    used 7849K, committed 8320K, reserved 1048576K
}
Event: 129.356 GC heap before
{Heap before GC invocations=49 (full 3):
 PSYoungGen      total 20480K, used 20128K [0x00000000eab00000, 0x00000000ec880000, 0x0000000100000000)
  eden space 19968K, 100% used [0x00000000eab00000,0x00000000ebe80000,0x00000000ebe80000)
  from space 512K, 31% used [0x00000000ec780000,0x00000000ec7a8000,0x00000000ec800000)
  to   space 512K, 0% used [0x00000000ec800000,0x00000000ec800000,0x00000000ec880000)
 ParOldGen       total 68608K, used 44590K [0x00000000c0000000, 0x00000000c4300000, 0x00000000eab00000)
  object space 68608K, 64% used [0x00000000c0000000,0x00000000c2b8b8c0,0x00000000c4300000)
 Metaspace       used 67080K, committed 68096K, reserved 1114112K
  class space    used 7850K, committed 8320K, reserved 1048576K
}
Event: 129.357 GC heap after
{Heap after GC invocations=49 (full 3):
 PSYoungGen      total 20480K, used 160K [0x00000000eab00000, 0x00000000ec880000, 0x0000000100000000)
  eden space 19968K, 0% used [0x00000000eab00000,0x00000000eab00000,0x00000000ebe80000)
  from space 512K, 31% used [0x00000000ec800000,0x00000000ec828000,0x00000000ec880000)
  to   space 512K, 0% used [0x00000000ec780000,0x00000000ec780000,0x00000000ec800000)
 ParOldGen       total 68608K, used 44590K [0x00000000c0000000, 0x00000000c4300000, 0x00000000eab00000)
  object space 68608K, 64% used [0x00000000c0000000,0x00000000c2b8b8c0,0x00000000c4300000)
 Metaspace       used 67080K, committed 68096K, reserved 1114112K
  class space    used 7850K, committed 8320K, reserved 1048576K
}
Event: 131.740 GC heap before
{Heap before GC invocations=50 (full 3):
 PSYoungGen      total 20480K, used 20128K [0x00000000eab00000, 0x00000000ec880000, 0x0000000100000000)
  eden space 19968K, 100% used [0x00000000eab00000,0x00000000ebe80000,0x00000000ebe80000)
  from space 512K, 31% used [0x00000000ec800000,0x00000000ec828000,0x00000000ec880000)
  to   space 512K, 0% used [0x00000000ec780000,0x00000000ec780000,0x00000000ec800000)
 ParOldGen       total 68608K, used 44590K [0x00000000c0000000, 0x00000000c4300000, 0x00000000eab00000)
  object space 68608K, 64% used [0x00000000c0000000,0x00000000c2b8b8c0,0x00000000c4300000)
 Metaspace       used 67088K, committed 68160K, reserved 1114112K
  class space    used 7850K, committed 8320K, reserved 1048576K
}
Event: 131.741 GC heap after
{Heap after GC invocations=50 (full 3):
 PSYoungGen      total 20480K, used 160K [0x00000000eab00000, 0x00000000ec880000, 0x0000000100000000)
  eden space 19968K, 0% used [0x00000000eab00000,0x00000000eab00000,0x00000000ebe80000)
  from space 512K, 31% used [0x00000000ec780000,0x00000000ec7a8000,0x00000000ec800000)
  to   space 512K, 0% used [0x00000000ec800000,0x00000000ec800000,0x00000000ec880000)
 ParOldGen       total 68608K, used 44646K [0x00000000c0000000, 0x00000000c4300000, 0x00000000eab00000)
  object space 68608K, 65% used [0x00000000c0000000,0x00000000c2b998c0,0x00000000c4300000)
 Metaspace       used 67088K, committed 68160K, reserved 1114112K
  class space    used 7850K, committed 8320K, reserved 1048576K
}
Event: 133.248 GC heap before
{Heap before GC invocations=51 (full 3):
 PSYoungGen      total 20480K, used 20128K [0x00000000eab00000, 0x00000000ec880000, 0x0000000100000000)
  eden space 19968K, 100% used [0x00000000eab00000,0x00000000ebe80000,0x00000000ebe80000)
  from space 512K, 31% used [0x00000000ec780000,0x00000000ec7a8000,0x00000000ec800000)
  to   space 512K, 0% used [0x00000000ec800000,0x00000000ec800000,0x00000000ec880000)
 ParOldGen       total 68608K, used 44646K [0x00000000c0000000, 0x00000000c4300000, 0x00000000eab00000)
  object space 68608K, 65% used [0x00000000c0000000,0x00000000c2b998c0,0x00000000c4300000)
 Metaspace       used 67090K, committed 68160K, reserved 1114112K
  class space    used 7850K, committed 8320K, reserved 1048576K
}
Event: 133.249 GC heap after
{Heap after GC invocations=51 (full 3):
 PSYoungGen      total 20480K, used 192K [0x00000000eab00000, 0x00000000ec880000, 0x0000000100000000)
  eden space 19968K, 0% used [0x00000000eab00000,0x00000000eab00000,0x00000000ebe80000)
  from space 512K, 37% used [0x00000000ec800000,0x00000000ec830000,0x00000000ec880000)
  to   space 512K, 0% used [0x00000000ec780000,0x00000000ec780000,0x00000000ec800000)
 ParOldGen       total 68608K, used 44678K [0x00000000c0000000, 0x00000000c4300000, 0x00000000eab00000)
  object space 68608K, 65% used [0x00000000c0000000,0x00000000c2ba18c0,0x00000000c4300000)
 Metaspace       used 67090K, committed 68160K, reserved 1114112K
  class space    used 7850K, committed 8320K, reserved 1048576K
}
Event: 133.493 GC heap before
{Heap before GC invocations=52 (full 3):
 PSYoungGen      total 20480K, used 20160K [0x00000000eab00000, 0x00000000ec880000, 0x0000000100000000)
  eden space 19968K, 100% used [0x00000000eab00000,0x00000000ebe80000,0x00000000ebe80000)
  from space 512K, 37% used [0x00000000ec800000,0x00000000ec830000,0x00000000ec880000)
  to   space 512K, 0% used [0x00000000ec780000,0x00000000ec780000,0x00000000ec800000)
 ParOldGen       total 68608K, used 44678K [0x00000000c0000000, 0x00000000c4300000, 0x00000000eab00000)
  object space 68608K, 65% used [0x00000000c0000000,0x00000000c2ba18c0,0x00000000c4300000)
 Metaspace       used 67090K, committed 68160K, reserved 1114112K
  class space    used 7850K, committed 8320K, reserved 1048576K
}
Event: 133.494 GC heap after
{Heap after GC invocations=52 (full 3):
 PSYoungGen      total 20480K, used 160K [0x00000000eab00000, 0x00000000ec880000, 0x0000000100000000)
  eden space 19968K, 0% used [0x00000000eab00000,0x00000000eab00000,0x00000000ebe80000)
  from space 512K, 31% used [0x00000000ec780000,0x00000000ec7a8000,0x00000000ec800000)
  to   space 512K, 0% used [0x00000000ec800000,0x00000000ec800000,0x00000000ec880000)
 ParOldGen       total 68608K, used 44710K [0x00000000c0000000, 0x00000000c4300000, 0x00000000eab00000)
  object space 68608K, 65% used [0x00000000c0000000,0x00000000c2ba98c0,0x00000000c4300000)
 Metaspace       used 67090K, committed 68160K, reserved 1114112K
  class space    used 7850K, committed 8320K, reserved 1048576K
}
Event: 135.480 GC heap before
{Heap before GC invocations=53 (full 3):
 PSYoungGen      total 20480K, used 20128K [0x00000000eab00000, 0x00000000ec880000, 0x0000000100000000)
  eden space 19968K, 100% used [0x00000000eab00000,0x00000000ebe80000,0x00000000ebe80000)
  from space 512K, 31% used [0x00000000ec780000,0x00000000ec7a8000,0x00000000ec800000)
  to   space 512K, 0% used [0x00000000ec800000,0x00000000ec800000,0x00000000ec880000)
 ParOldGen       total 68608K, used 44710K [0x00000000c0000000, 0x00000000c4300000, 0x00000000eab00000)
  object space 68608K, 65% used [0x00000000c0000000,0x00000000c2ba98c0,0x00000000c4300000)
 Metaspace       used 67096K, committed 68160K, reserved 1114112K
  class space    used 7850K, committed 8320K, reserved 1048576K
}
Event: 135.481 GC heap after
{Heap after GC invocations=53 (full 3):
 PSYoungGen      total 20480K, used 128K [0x00000000eab00000, 0x00000000ec880000, 0x0000000100000000)
  eden space 19968K, 0% used [0x00000000eab00000,0x00000000eab00000,0x00000000ebe80000)
  from space 512K, 25% used [0x00000000ec800000,0x00000000ec820000,0x00000000ec880000)
  to   space 512K, 0% used [0x00000000ec780000,0x00000000ec780000,0x00000000ec800000)
 ParOldGen       total 68608K, used 44710K [0x00000000c0000000, 0x00000000c4300000, 0x00000000eab00000)
  object space 68608K, 65% used [0x00000000c0000000,0x00000000c2ba98c0,0x00000000c4300000)
 Metaspace       used 67096K, committed 68160K, reserved 1114112K
  class space    used 7850K, committed 8320K, reserved 1048576K
}

Dll operation events (15 events):
Event: 0.016 Loaded shared library c:\Users\lenovo\.vscode\extensions\redhat.java-1.34.0-win32-x64\jre\17.0.12-win32-x86_64\bin\java.dll
Event: 0.300 Loaded shared library c:\Users\lenovo\.vscode\extensions\redhat.java-1.34.0-win32-x64\jre\17.0.12-win32-x86_64\bin\zip.dll
Event: 0.306 Loaded shared library C:\Users\lenovo\.vscode\extensions\redhat.java-1.34.0-win32-x64\jre\17.0.12-win32-x86_64\bin\instrument.dll
Event: 0.331 Loaded shared library C:\Users\lenovo\.vscode\extensions\redhat.java-1.34.0-win32-x64\jre\17.0.12-win32-x86_64\bin\net.dll
Event: 0.342 Loaded shared library C:\Users\lenovo\.vscode\extensions\redhat.java-1.34.0-win32-x64\jre\17.0.12-win32-x86_64\bin\nio.dll
Event: 0.387 Loaded shared library C:\Users\lenovo\.vscode\extensions\redhat.java-1.34.0-win32-x64\jre\17.0.12-win32-x86_64\bin\zip.dll
Event: 0.417 Loaded shared library C:\Users\lenovo\.vscode\extensions\redhat.java-1.34.0-win32-x64\jre\17.0.12-win32-x86_64\bin\jimage.dll
Event: 0.575 Loaded shared library c:\Users\lenovo\.vscode\extensions\redhat.java-1.34.0-win32-x64\jre\17.0.12-win32-x86_64\bin\verify.dll
Event: 8.463 Loaded shared library C:\Users\lenovo\AppData\Roaming\Code\User\globalStorage\redhat.java\1.34.0\config_win\org.eclipse.equinox.launcher\org.eclipse.equinox.launcher.win32.win32.x86_64_1.2.1100.v20240722-2106\eclipse_11904.dll
Event: 16.932 Loaded shared library C:\Users\lenovo\AppData\Local\Temp\jna--1106355917\jna17630101912818960912.dll
Event: 23.899 Loaded shared library C:\Users\lenovo\.vscode\extensions\redhat.java-1.34.0-win32-x64\jre\17.0.12-win32-x86_64\bin\sunmscapi.dll
Event: 24.128 Loaded shared library C:\Users\lenovo\.vscode\extensions\redhat.java-1.34.0-win32-x64\jre\17.0.12-win32-x86_64\bin\extnet.dll
Event: 35.046 Loaded shared library C:\Users\lenovo\.gradle\native\c067742578af261105cb4f569cf0c3c89f3d7b1fecec35dd04571415982c5e48\windows-amd64\native-platform.dll
Event: 44.459 Loaded shared library C:\Users\lenovo\.vscode\extensions\redhat.java-1.34.0-win32-x64\jre\17.0.12-win32-x86_64\bin\management.dll
Event: 44.464 Loaded shared library C:\Users\lenovo\.vscode\extensions\redhat.java-1.34.0-win32-x64\jre\17.0.12-win32-x86_64\bin\management_ext.dll

Deoptimization events (20 events):
Event: 136.876 Thread 0x000001d73e5c4170 DEOPT PACKING pc=0x000001d729bd1a88 sp=0x00000089154fe250
Event: 136.876 Thread 0x000001d73e5c4170 DEOPT UNPACKING pc=0x000001d7294566a3 sp=0x00000089154fdec8 mode 2
Event: 136.877 Thread 0x000001d73e5c4170 Uncommon trap: trap_request=0xfffffff4 fr.pc=0x000001d729a28300 relative=0x00000000000004a0
Event: 136.877 Thread 0x000001d73e5c4170 Uncommon trap: reason=null_check action=make_not_entrant pc=0x000001d729a28300 method=org.gradle.launcher.daemon.client.DaemonClientConnection.receive()Lorg/gradle/launcher/daemon/protocol/Message; @ 9 c2
Event: 136.877 Thread 0x000001d73e5c4170 DEOPT PACKING pc=0x000001d729a28300 sp=0x00000089154fe360
Event: 136.877 Thread 0x000001d73e5c4170 DEOPT UNPACKING pc=0x000001d7294566a3 sp=0x00000089154fe2c0 mode 2
Event: 136.906 Thread 0x000001d73e5c4170 Uncommon trap: trap_request=0xffffff45 fr.pc=0x000001d729a8a488 relative=0x00000000000002c8
Event: 136.906 Thread 0x000001d73e5c4170 Uncommon trap: reason=unstable_if action=reinterpret pc=0x000001d729a8a488 method=java.lang.ThreadLocal$ThreadLocalMap.set(Ljava/lang/ThreadLocal;Ljava/lang/Object;)V @ 116 c2
Event: 136.906 Thread 0x000001d73e5c4170 DEOPT PACKING pc=0x000001d729a8a488 sp=0x00000089154fdff0
Event: 136.906 Thread 0x000001d73e5c4170 DEOPT UNPACKING pc=0x000001d7294566a3 sp=0x00000089154fdf78 mode 2
Event: 136.908 Thread 0x000001d73e5c4170 Uncommon trap: trap_request=0xffffffde fr.pc=0x000001d729ca0f3c relative=0x000000000000015c
Event: 136.908 Thread 0x000001d73e5c4170 Uncommon trap: reason=class_check action=maybe_recompile pc=0x000001d729ca0f3c method=org.gradle.internal.event.AbstractBroadcastDispatch.dispatch(Lorg/gradle/internal/dispatch/MethodInvocation;Lorg/gradle/internal/dispatch/Dispatch;)V @ 2 c2
Event: 136.908 Thread 0x000001d73e5c4170 DEOPT PACKING pc=0x000001d729ca0f3c sp=0x00000089154fe910
Event: 136.908 Thread 0x000001d73e5c4170 DEOPT UNPACKING pc=0x000001d7294566a3 sp=0x00000089154fe8c0 mode 2
Event: 136.918 Thread 0x000001d73a5dcd30 Uncommon trap: trap_request=0xffffffde fr.pc=0x000001d729d06c40 relative=0x0000000000000480
Event: 136.918 Thread 0x000001d73a5dcd30 Uncommon trap: reason=class_check action=maybe_recompile pc=0x000001d729d06c40 method=java.util.AbstractMap.hashCode()I @ 3 c2
Event: 136.918 Thread 0x000001d73a5dcd30 DEOPT PACKING pc=0x000001d729d06c40 sp=0x0000008913ffe350
Event: 136.918 Thread 0x000001d73a5dcd30 DEOPT UNPACKING pc=0x000001d7294566a3 sp=0x0000008913ffe2f8 mode 2
Event: 136.930 Thread 0x000001d73a5dcd30 DEOPT PACKING pc=0x000001d722a75c25 sp=0x0000008913ffe780
Event: 136.930 Thread 0x000001d73a5dcd30 DEOPT UNPACKING pc=0x000001d729456e43 sp=0x0000008913ffdc60 mode 0

Classes loaded (20 events):
Event: 53.077 Loading class java/io/ObjectStreamClass$MemberSignature
Event: 53.077 Loading class java/io/ObjectStreamClass$MemberSignature done
Event: 53.077 Loading class java/io/ObjectStreamClass$3
Event: 53.077 Loading class java/io/ObjectStreamClass$3 done
Event: 53.077 Loading class java/io/ObjectStreamClass$4
Event: 53.078 Loading class java/io/ObjectStreamClass$4 done
Event: 53.078 Loading class java/io/ObjectStreamClass$5
Event: 53.078 Loading class java/io/ObjectStreamClass$5 done
Event: 97.714 Loading class java/time/Ser
Event: 97.715 Loading class java/time/Ser done
Event: 100.663 Loading class java/io/ObjectStreamClass$ExceptionInfo
Event: 100.663 Loading class java/io/ObjectStreamClass$ExceptionInfo done
Event: 125.239 Loading class jdk/internal/misc/ScopedMemoryAccess$Scope$Handle
Event: 125.240 Loading class jdk/internal/misc/ScopedMemoryAccess$Scope$Handle done
Event: 136.876 Loading class sun/net/ConnectionResetException
Event: 136.876 Loading class sun/net/ConnectionResetException done
Event: 136.914 Loading class java/lang/Throwable$WrappedPrintWriter
Event: 136.914 Loading class java/lang/Throwable$PrintStreamOrWriter
Event: 136.914 Loading class java/lang/Throwable$PrintStreamOrWriter done
Event: 136.914 Loading class java/lang/Throwable$WrappedPrintWriter done

Classes unloaded (20 events):
Event: 16.241 Thread 0x000001d738194870 Unloading class 0x000000010024a400 'java/lang/invoke/LambdaForm$MH+0x000000010024a400'
Event: 16.241 Thread 0x000001d738194870 Unloading class 0x000000010024a000 'java/lang/invoke/LambdaForm$MH+0x000000010024a000'
Event: 16.241 Thread 0x000001d738194870 Unloading class 0x0000000100249c00 'java/lang/invoke/LambdaForm$MH+0x0000000100249c00'
Event: 16.241 Thread 0x000001d738194870 Unloading class 0x0000000100249800 'java/lang/invoke/LambdaForm$MH+0x0000000100249800'
Event: 16.241 Thread 0x000001d738194870 Unloading class 0x0000000100249400 'java/lang/invoke/LambdaForm$BMH+0x0000000100249400'
Event: 16.241 Thread 0x000001d738194870 Unloading class 0x0000000100249000 'java/lang/invoke/LambdaForm$DMH+0x0000000100249000'
Event: 16.241 Thread 0x000001d738194870 Unloading class 0x0000000100244400 'java/lang/invoke/LambdaForm$DMH+0x0000000100244400'
Event: 19.413 Thread 0x000001d738194870 Unloading class 0x000000010039ac00 'java/lang/invoke/LambdaForm$MH+0x000000010039ac00'
Event: 19.413 Thread 0x000001d738194870 Unloading class 0x000000010039a000 'java/lang/invoke/LambdaForm$MH+0x000000010039a000'
Event: 19.413 Thread 0x000001d738194870 Unloading class 0x0000000100399800 'java/lang/invoke/LambdaForm$MH+0x0000000100399800'
Event: 19.413 Thread 0x000001d738194870 Unloading class 0x0000000100399000 'java/lang/invoke/LambdaForm$MH+0x0000000100399000'
Event: 19.413 Thread 0x000001d738194870 Unloading class 0x0000000100398c00 'java/lang/invoke/LambdaForm$DMH+0x0000000100398c00'
Event: 19.413 Thread 0x000001d738194870 Unloading class 0x0000000100398000 'java/lang/invoke/LambdaForm$MH+0x0000000100398000'
Event: 19.413 Thread 0x000001d738194870 Unloading class 0x0000000100397800 'java/lang/invoke/LambdaForm$MH+0x0000000100397800'
Event: 19.413 Thread 0x000001d738194870 Unloading class 0x0000000100391c00 'java/lang/invoke/LambdaForm$MH+0x0000000100391c00'
Event: 19.413 Thread 0x000001d738194870 Unloading class 0x0000000100391400 'java/lang/invoke/LambdaForm$MH+0x0000000100391400'
Event: 19.413 Thread 0x000001d738194870 Unloading class 0x0000000100390c00 'java/lang/invoke/LambdaForm$MH+0x0000000100390c00'
Event: 19.413 Thread 0x000001d738194870 Unloading class 0x0000000100390400 'java/lang/invoke/LambdaForm$MH+0x0000000100390400'
Event: 19.413 Thread 0x000001d738194870 Unloading class 0x000000010038bc00 'java/lang/invoke/LambdaForm$MH+0x000000010038bc00'
Event: 19.413 Thread 0x000001d738194870 Unloading class 0x000000010038b400 'java/lang/invoke/LambdaForm$MH+0x000000010038b400'

Classes redefined (0 events):
No events

Internal exceptions (20 events):
Event: 97.710 Thread 0x000001d73e5c4170 Exception <a 'java/lang/NoSuchMethodError'{0x00000000eb80d4c0}: static Lorg/gradle/internal/build/event/types/DefaultProjectConfigurationSuccessResult;.<clinit>()V> (0x00000000eb80d4c0) 
thrown [s\src\hotspot\share\prims\jni.cpp, line 1112]
Event: 97.713 Thread 0x000001d73e5c4170 Exception <a 'java/lang/NoSuchMethodError'{0x00000000eb842850}: static Lorg/gradle/internal/build/event/types/DefaultPluginApplicationResult;.<clinit>()V> (0x00000000eb842850) 
thrown [s\src\hotspot\share\prims\jni.cpp, line 1112]
Event: 97.714 Thread 0x000001d73e5c4170 Exception <a 'java/lang/NoSuchMethodError'{0x00000000eb861800}: static Lorg/gradle/internal/build/event/types/DefaultBinaryPluginIdentifier;.<clinit>()V> (0x00000000eb861800) 
thrown [s\src\hotspot\share\prims\jni.cpp, line 1112]
Event: 97.717 Thread 0x000001d73e5c4170 Exception <a 'java/lang/NoSuchMethodError'{0x00000000eb88c730}: static Lorg/gradle/internal/build/event/types/DefaultScriptPluginIdentifier;.<clinit>()V> (0x00000000eb88c730) 
thrown [s\src\hotspot\share\prims\jni.cpp, line 1112]
Event: 100.630 Thread 0x000001d73e5c4170 Exception <a 'java/lang/NoSuchMethodError'{0x00000000ebb98520}: static Lorg/gradle/internal/build/event/types/DefaultTaskStartedProgressEvent;.<clinit>()V> (0x00000000ebb98520) 
thrown [s\src\hotspot\share\prims\jni.cpp, line 1112]
Event: 100.632 Thread 0x000001d73e5c4170 Exception <a 'java/lang/NoSuchMethodError'{0x00000000ebbb8ab0}: static Lorg/gradle/internal/build/event/types/DefaultTaskDescriptor;.<clinit>()V> (0x00000000ebbb8ab0) 
thrown [s\src\hotspot\share\prims\jni.cpp, line 1112]
Event: 100.659 Thread 0x000001d73e5c4170 Exception <a 'java/lang/NoSuchMethodError'{0x00000000ebc22588}: static Lorg/gradle/internal/build/event/types/DefaultTaskFinishedProgressEvent;.<clinit>()V> (0x00000000ebc22588) 
thrown [s\src\hotspot\share\prims\jni.cpp, line 1112]
Event: 100.661 Thread 0x000001d73e5c4170 Exception <a 'java/lang/NoSuchMethodError'{0x00000000ebc47290}: static Lorg/gradle/internal/build/event/types/AbstractTaskResult;.<clinit>()V> (0x00000000ebc47290) 
thrown [s\src\hotspot\share\prims\jni.cpp, line 1112]
Event: 100.662 Thread 0x000001d73e5c4170 Exception <a 'java/lang/NoSuchMethodError'{0x00000000ebc56038}: static Lorg/gradle/internal/build/event/types/DefaultTaskSuccessResult;.<clinit>()V> (0x00000000ebc56038) 
thrown [s\src\hotspot\share\prims\jni.cpp, line 1112]
Event: 101.059 Thread 0x000001d73e5c4170 Exception <a 'java/lang/NoSuchMethodError'{0x00000000eaf26ea0}: static Lorg/gradle/internal/build/event/types/DefaultTaskSkippedResult;.<clinit>()V> (0x00000000eaf26ea0) 
thrown [s\src\hotspot\share\prims\jni.cpp, line 1112]
Event: 136.877 Thread 0x000001d73e5c4170 Exception <a 'sun/net/ConnectionResetException'{0x00000000ebc76e58}: Connection reset> (0x00000000ebc76e58) 
thrown [s\src\hotspot\share\prims\jni.cpp, line 535]
Event: 136.923 Thread 0x000001d73a5dcd30 Exception <a 'sun/nio/fs/WindowsException'{0x00000000ebd637b0}> (0x00000000ebd637b0) 
thrown [s\src\hotspot\share\prims\jni.cpp, line 516]
Event: 136.925 Thread 0x000001d73a5dcd30 Exception <a 'sun/nio/fs/WindowsException'{0x00000000ebd6eb40}> (0x00000000ebd6eb40) 
thrown [s\src\hotspot\share\prims\jni.cpp, line 516]
Event: 136.926 Thread 0x000001d73a5dcd30 Exception <a 'sun/nio/fs/WindowsException'{0x00000000ebd7b058}> (0x00000000ebd7b058) 
thrown [s\src\hotspot\share\prims\jni.cpp, line 516]
Event: 136.927 Thread 0x000001d73a5dcd30 Exception <a 'sun/nio/fs/WindowsException'{0x00000000ebd87260}> (0x00000000ebd87260) 
thrown [s\src\hotspot\share\prims\jni.cpp, line 516]
Event: 136.928 Thread 0x000001d73a5dcd30 Exception <a 'sun/nio/fs/WindowsException'{0x00000000ebd94fc8}> (0x00000000ebd94fc8) 
thrown [s\src\hotspot\share\prims\jni.cpp, line 516]
Event: 136.929 Thread 0x000001d73a5dcd30 Exception <a 'sun/nio/fs/WindowsException'{0x00000000ebda0740}> (0x00000000ebda0740) 
thrown [s\src\hotspot\share\prims\jni.cpp, line 516]
Event: 136.931 Thread 0x000001d73a5dcd30 Exception <a 'sun/nio/fs/WindowsException'{0x00000000ebdac3b0}> (0x00000000ebdac3b0) 
thrown [s\src\hotspot\share\prims\jni.cpp, line 516]
Event: 136.932 Thread 0x000001d73a5dcd30 Exception <a 'sun/nio/fs/WindowsException'{0x00000000ebdb7d38}> (0x00000000ebdb7d38) 
thrown [s\src\hotspot\share\prims\jni.cpp, line 516]
Event: 136.933 Thread 0x000001d73a5dcd30 Exception <a 'sun/nio/fs/WindowsException'{0x00000000ebdc3bc8}> (0x00000000ebdc3bc8) 
thrown [s\src\hotspot\share\prims\jni.cpp, line 516]

VM Operations (20 events):
Event: 128.767 Executing VM operation: ParallelGCFailedAllocation
Event: 128.768 Executing VM operation: ParallelGCFailedAllocation done
Event: 129.356 Executing VM operation: ParallelGCFailedAllocation
Event: 129.357 Executing VM operation: ParallelGCFailedAllocation done
Event: 131.357 Executing VM operation: Cleanup
Event: 131.357 Executing VM operation: Cleanup done
Event: 131.740 Executing VM operation: ParallelGCFailedAllocation
Event: 131.741 Executing VM operation: ParallelGCFailedAllocation done
Event: 132.741 Executing VM operation: Cleanup
Event: 132.741 Executing VM operation: Cleanup done
Event: 133.248 Executing VM operation: ParallelGCFailedAllocation
Event: 133.249 Executing VM operation: ParallelGCFailedAllocation done
Event: 133.493 Executing VM operation: ParallelGCFailedAllocation
Event: 133.494 Executing VM operation: ParallelGCFailedAllocation done
Event: 135.480 Executing VM operation: ParallelGCFailedAllocation
Event: 135.481 Executing VM operation: ParallelGCFailedAllocation done
Event: 136.910 Executing VM operation: HandshakeAllThreads
Event: 136.911 Executing VM operation: HandshakeAllThreads done
Event: 136.911 Executing VM operation: Cleanup
Event: 136.911 Executing VM operation: Cleanup done

Events (20 events):
Event: 111.070 Thread 0x000001d7330cc560 flushing nmethod 0x000001d722bb6090
Event: 111.070 Thread 0x000001d7330cc560 flushing nmethod 0x000001d722bbaa90
Event: 111.070 Thread 0x000001d7330cc560 flushing nmethod 0x000001d722bbe310
Event: 111.070 Thread 0x000001d7330cc560 flushing nmethod 0x000001d722bbee10
Event: 111.070 Thread 0x000001d7330cc560 flushing nmethod 0x000001d722bc4d90
Event: 111.070 Thread 0x000001d7330cc560 flushing nmethod 0x000001d722bc5390
Event: 111.070 Thread 0x000001d7330cc560 flushing nmethod 0x000001d722bc6290
Event: 111.071 Thread 0x000001d7330cc560 flushing nmethod 0x000001d722c11410
Event: 111.071 Thread 0x000001d7330cc560 flushing nmethod 0x000001d722c15a10
Event: 111.071 Thread 0x000001d7330cc560 flushing nmethod 0x000001d722c17e10
Event: 111.071 Thread 0x000001d7330cc560 flushing nmethod 0x000001d722c19790
Event: 111.071 Thread 0x000001d7330cc560 flushing nmethod 0x000001d722c22390
Event: 111.071 Thread 0x000001d7330cc560 flushing nmethod 0x000001d722c28e10
Event: 111.071 Thread 0x000001d7330cc560 flushing nmethod 0x000001d722c35e90
Event: 111.071 Thread 0x000001d7330cc560 flushing nmethod 0x000001d722c38f90
Event: 111.645 Thread 0x000001d73e5bdc30 Thread exited: 0x000001d73e5bdc30
Event: 122.177 Thread 0x000001d73c58e3e0 Thread added: 0x000001d73c58e3e0
Event: 123.192 Thread 0x000001d73c58e3e0 Thread exited: 0x000001d73c58e3e0
Event: 136.908 Thread 0x000001d73e5be140 Thread exited: 0x000001d73e5be140
Event: 136.909 Thread 0x000001d73e5c4170 Thread exited: 0x000001d73e5c4170


Dynamic libraries:
0x00007ff6ec2d0000 - 0x00007ff6ec2de000 	c:\Users\lenovo\.vscode\extensions\redhat.java-1.34.0-win32-x64\jre\17.0.12-win32-x86_64\bin\java.exe
0x00007fff0c8d0000 - 0x00007fff0cae7000 	C:\WINDOWS\SYSTEM32\ntdll.dll
0x00007fff0b690000 - 0x00007fff0b754000 	C:\WINDOWS\System32\KERNEL32.DLL
0x00007fff09d10000 - 0x00007fff0a0bd000 	C:\WINDOWS\System32\KERNELBASE.dll
0x00007fff09bf0000 - 0x00007fff09d01000 	C:\WINDOWS\System32\ucrtbase.dll
0x00007ffefbf60000 - 0x00007ffefbf77000 	c:\Users\lenovo\.vscode\extensions\redhat.java-1.34.0-win32-x64\jre\17.0.12-win32-x86_64\bin\jli.dll
0x00007ffefbd10000 - 0x00007ffefbd2b000 	c:\Users\lenovo\.vscode\extensions\redhat.java-1.34.0-win32-x64\jre\17.0.12-win32-x86_64\bin\VCRUNTIME140.dll
0x00007fff0a600000 - 0x00007fff0a7ae000 	C:\WINDOWS\System32\USER32.dll
0x00007ffeecff0000 - 0x00007ffeed283000 	C:\WINDOWS\WinSxS\amd64_microsoft.windows.common-controls_6595b64144ccf1df_6.0.22621.3672_none_2713b9d173822955\COMCTL32.dll
0x00007fff0a1e0000 - 0x00007fff0a206000 	C:\WINDOWS\System32\win32u.dll
0x00007fff0b910000 - 0x00007fff0b939000 	C:\WINDOWS\System32\GDI32.dll
0x00007fff0a7b0000 - 0x00007fff0a857000 	C:\WINDOWS\System32\msvcrt.dll
0x00007fff0a0c0000 - 0x00007fff0a1d9000 	C:\WINDOWS\System32\gdi32full.dll
0x00007fff0a560000 - 0x00007fff0a5fa000 	C:\WINDOWS\System32\msvcp_win.dll
0x00007fff0c2f0000 - 0x00007fff0c321000 	C:\WINDOWS\System32\IMM32.DLL
0x00007fff07740000 - 0x00007fff0774c000 	c:\Users\lenovo\.vscode\extensions\redhat.java-1.34.0-win32-x64\jre\17.0.12-win32-x86_64\bin\vcruntime140_1.dll
0x00007ffef80b0000 - 0x00007ffef813d000 	c:\Users\lenovo\.vscode\extensions\redhat.java-1.34.0-win32-x64\jre\17.0.12-win32-x86_64\bin\msvcp140.dll
0x00007ffeb1090000 - 0x00007ffeb1cfa000 	c:\Users\lenovo\.vscode\extensions\redhat.java-1.34.0-win32-x64\jre\17.0.12-win32-x86_64\bin\server\jvm.dll
0x00007fff0b230000 - 0x00007fff0b2e2000 	C:\WINDOWS\System32\ADVAPI32.dll
0x00007fff0c6d0000 - 0x00007fff0c779000 	C:\WINDOWS\System32\sechost.dll
0x00007fff0a210000 - 0x00007fff0a238000 	C:\WINDOWS\System32\bcrypt.dll
0x00007fff0c340000 - 0x00007fff0c454000 	C:\WINDOWS\System32\RPCRT4.dll
0x00007fff0b940000 - 0x00007fff0b9b1000 	C:\WINDOWS\System32\WS2_32.dll
0x00007fff00a00000 - 0x00007fff00a0a000 	C:\WINDOWS\SYSTEM32\VERSION.dll
0x00007fff04bc0000 - 0x00007fff04bf4000 	C:\WINDOWS\SYSTEM32\WINMM.dll
0x00007fff09850000 - 0x00007fff0989d000 	C:\WINDOWS\SYSTEM32\POWRPROF.dll
0x00007fff09690000 - 0x00007fff096a3000 	C:\WINDOWS\SYSTEM32\UMPDC.dll
0x00007fff08c20000 - 0x00007fff08c38000 	C:\WINDOWS\SYSTEM32\kernel.appcore.dll
0x00007fff050a0000 - 0x00007fff050aa000 	c:\Users\lenovo\.vscode\extensions\redhat.java-1.34.0-win32-x64\jre\17.0.12-win32-x86_64\bin\jimage.dll
0x00007fff07460000 - 0x00007fff07692000 	C:\WINDOWS\SYSTEM32\DBGHELP.DLL
0x00007fff0b9e0000 - 0x00007fff0bd6d000 	C:\WINDOWS\System32\combase.dll
0x00007fff0b5b0000 - 0x00007fff0b687000 	C:\WINDOWS\System32\OLEAUT32.dll
0x00007ffef2e30000 - 0x00007ffef2e62000 	C:\WINDOWS\SYSTEM32\dbgcore.DLL
0x00007fff0a470000 - 0x00007fff0a4eb000 	C:\WINDOWS\System32\bcryptPrimitives.dll
0x00007fff05020000 - 0x00007fff0502e000 	c:\Users\lenovo\.vscode\extensions\redhat.java-1.34.0-win32-x64\jre\17.0.12-win32-x86_64\bin\instrument.dll
0x00007ffefaa00000 - 0x00007ffefaa25000 	c:\Users\lenovo\.vscode\extensions\redhat.java-1.34.0-win32-x64\jre\17.0.12-win32-x86_64\bin\java.dll
0x00007ffefbca0000 - 0x00007ffefbcb8000 	c:\Users\lenovo\.vscode\extensions\redhat.java-1.34.0-win32-x64\jre\17.0.12-win32-x86_64\bin\zip.dll
0x00007fff0a900000 - 0x00007fff0b168000 	C:\WINDOWS\System32\SHELL32.dll
0x00007fff07b00000 - 0x00007fff083fe000 	C:\WINDOWS\SYSTEM32\windows.storage.dll
0x00007fff079c0000 - 0x00007fff07aff000 	C:\WINDOWS\SYSTEM32\wintypes.dll
0x00007fff0b2f0000 - 0x00007fff0b3e9000 	C:\WINDOWS\System32\SHCORE.dll
0x00007fff0b170000 - 0x00007fff0b1ce000 	C:\WINDOWS\System32\shlwapi.dll
0x00007fff09b20000 - 0x00007fff09b41000 	C:\WINDOWS\SYSTEM32\profapi.dll
0x00007ffefb820000 - 0x00007ffefb839000 	C:\Users\lenovo\.vscode\extensions\redhat.java-1.34.0-win32-x64\jre\17.0.12-win32-x86_64\bin\net.dll
0x00007fff061b0000 - 0x00007fff062e6000 	C:\WINDOWS\SYSTEM32\WINHTTP.dll
0x00007fff09090000 - 0x00007fff090f9000 	C:\WINDOWS\system32\mswsock.dll
0x00007ffefa490000 - 0x00007ffefa4a6000 	C:\Users\lenovo\.vscode\extensions\redhat.java-1.34.0-win32-x64\jre\17.0.12-win32-x86_64\bin\nio.dll
0x00007fff04eb0000 - 0x00007fff04ec0000 	c:\Users\lenovo\.vscode\extensions\redhat.java-1.34.0-win32-x64\jre\17.0.12-win32-x86_64\bin\verify.dll
0x00007ffef54e0000 - 0x00007ffef5525000 	C:\Users\lenovo\AppData\Roaming\Code\User\globalStorage\redhat.java\1.34.0\config_win\org.eclipse.equinox.launcher\org.eclipse.equinox.launcher.win32.win32.x86_64_1.2.1100.v20240722-2106\eclipse_11904.dll
0x00007fff0b760000 - 0x00007fff0b905000 	C:\WINDOWS\System32\ole32.dll
0x00007fff092f0000 - 0x00007fff0930b000 	C:\WINDOWS\SYSTEM32\CRYPTSP.dll
0x00007fff08b80000 - 0x00007fff08bb5000 	C:\WINDOWS\system32\rsaenh.dll
0x00007fff09190000 - 0x00007fff091b8000 	C:\WINDOWS\SYSTEM32\USERENV.dll
0x00007fff09310000 - 0x00007fff0931c000 	C:\WINDOWS\SYSTEM32\CRYPTBASE.dll
0x00007fff08660000 - 0x00007fff0868d000 	C:\WINDOWS\SYSTEM32\IPHLPAPI.DLL
0x00007fff0c330000 - 0x00007fff0c339000 	C:\WINDOWS\System32\NSI.dll
0x00007fff060d0000 - 0x00007fff060e9000 	C:\WINDOWS\SYSTEM32\dhcpcsvc6.DLL
0x00007fff060b0000 - 0x00007fff060cf000 	C:\WINDOWS\SYSTEM32\dhcpcsvc.DLL
0x00007fff086d0000 - 0x00007fff087c8000 	C:\WINDOWS\SYSTEM32\DNSAPI.dll
0x00007ffef9a50000 - 0x00007ffef9a95000 	C:\Users\lenovo\AppData\Local\Temp\jna--1106355917\jna17630101912818960912.dll
0x00007fff0b1d0000 - 0x00007fff0b1d8000 	C:\WINDOWS\System32\PSAPI.DLL
0x00007ffefa1f0000 - 0x00007ffefa1fe000 	C:\Users\lenovo\.vscode\extensions\redhat.java-1.34.0-win32-x64\jre\17.0.12-win32-x86_64\bin\sunmscapi.dll
0x00007fff0a300000 - 0x00007fff0a467000 	C:\WINDOWS\System32\CRYPT32.dll
0x00007fff09520000 - 0x00007fff0954e000 	C:\WINDOWS\SYSTEM32\ncrypt.dll
0x00007fff094e0000 - 0x00007fff09517000 	C:\WINDOWS\SYSTEM32\NTASN1.dll
0x0000000070160000 - 0x0000000070186000 	C:\Program Files\Bonjour\mdnsNSP.dll
0x00007fff05150000 - 0x00007fff0515a000 	C:\Windows\System32\rasadhlp.dll
0x00007fff051c0000 - 0x00007fff05243000 	C:\WINDOWS\System32\fwpuclnt.dll
0x00007ffef9c00000 - 0x00007ffef9c09000 	C:\Users\lenovo\.vscode\extensions\redhat.java-1.34.0-win32-x64\jre\17.0.12-win32-x86_64\bin\extnet.dll
0x00007ffefaaf0000 - 0x00007ffefab17000 	C:\Users\lenovo\.gradle\native\c067742578af261105cb4f569cf0c3c89f3d7b1fecec35dd04571415982c5e48\windows-amd64\native-platform.dll
0x00007ffefa480000 - 0x00007ffefa489000 	C:\Users\lenovo\.vscode\extensions\redhat.java-1.34.0-win32-x64\jre\17.0.12-win32-x86_64\bin\management.dll
0x00007ffefa3e0000 - 0x00007ffefa3eb000 	C:\Users\lenovo\.vscode\extensions\redhat.java-1.34.0-win32-x64\jre\17.0.12-win32-x86_64\bin\management_ext.dll
0x00007ffefa3a0000 - 0x00007ffefa3a8000 	C:\WINDOWS\system32\wshunix.dll

dbghelp: loaded successfully - version: 4.0.5 - missing functions: none
symbol engine: initialized successfully - sym options: 0x614 - pdb path: .;c:\Users\lenovo\.vscode\extensions\redhat.java-1.34.0-win32-x64\jre\17.0.12-win32-x86_64\bin;C:\WINDOWS\SYSTEM32;C:\WINDOWS\WinSxS\amd64_microsoft.windows.common-controls_6595b64144ccf1df_6.0.22621.3672_none_2713b9d173822955;c:\Users\lenovo\.vscode\extensions\redhat.java-1.34.0-win32-x64\jre\17.0.12-win32-x86_64\bin\server;C:\Users\lenovo\AppData\Roaming\Code\User\globalStorage\redhat.java\1.34.0\config_win\org.eclipse.equinox.launcher\org.eclipse.equinox.launcher.win32.win32.x86_64_1.2.1100.v20240722-2106;C:\Users\lenovo\AppData\Local\Temp\jna--1106355917;C:\Program Files\Bonjour;C:\Users\lenovo\.gradle\native\c067742578af261105cb4f569cf0c3c89f3d7b1fecec35dd04571415982c5e48\windows-amd64

VM Arguments:
jvm_args: --add-modules=ALL-SYSTEM --add-opens=java.base/java.util=ALL-UNNAMED --add-opens=java.base/java.lang=ALL-UNNAMED --add-opens=java.base/sun.nio.fs=ALL-UNNAMED -Declipse.application=org.eclipse.jdt.ls.core.id1 -Dosgi.bundles.defaultStartLevel=4 -Declipse.product=org.eclipse.jdt.ls.core.product -Djava.import.generatesMetadataFilesAtProjectRoot=false -DDetectVMInstallationsJob.disabled=true -Dfile.encoding=utf8 -XX:+UseParallelGC -XX:GCTimeRatio=4 -XX:AdaptiveSizePolicyWeight=90 -Dsun.zip.disableMemoryMapping=true -Xmx1G -Xms100m -Xlog:disable -javaagent:c:\Users\lenovo\.vscode\extensions\redhat.java-1.34.0-win32-x64\lombok\lombok-1.18.33.jar -XX:+HeapDumpOnOutOfMemoryError -XX:HeapDumpPath=c:\Users\lenovo\AppData\Roaming\Code\User\workspaceStorage\92040cb5da91c5baac7e4cdc55b6953e\redhat.java -Daether.dependencyCollector.impl=bf 
java_command: c:\Users\lenovo\.vscode\extensions\redhat.java-1.34.0-win32-x64\server\plugins\org.eclipse.equinox.launcher_1.6.900.v20240613-2009.jar -configuration c:\Users\lenovo\AppData\Roaming\Code\User\globalStorage\redhat.java\1.34.0\config_win -data c:\Users\lenovo\AppData\Roaming\Code\User\workspaceStorage\92040cb5da91c5baac7e4cdc55b6953e\redhat.java\jdt_ws --pipe=\\.\pipe\lsp-60f219137988248051f38e42c071f6e4-sock
java_class_path (initial): c:\Users\lenovo\.vscode\extensions\redhat.java-1.34.0-win32-x64\server\plugins\org.eclipse.equinox.launcher_1.6.900.v20240613-2009.jar
Launcher Type: SUN_STANDARD

[Global flags]
    uintx AdaptiveSizePolicyWeight                 = 90                                        {product} {command line}
     intx CICompilerCount                          = 4                                         {product} {ergonomic}
    uintx GCTimeRatio                              = 4                                         {product} {command line}
     bool HeapDumpOnOutOfMemoryError               = true                                   {manageable} {command line}
    ccstr HeapDumpPath                             = c:\Users\lenovo\AppData\Roaming\Code\User\workspaceStorage\92040cb5da91c5baac7e4cdc55b6953e\redhat.java         {manageable} {command line}
   size_t InitialHeapSize                          = 104857600                                 {product} {command line}
   size_t MaxHeapSize                              = 1073741824                                {product} {command line}
   size_t MaxNewSize                               = 357564416                                 {product} {ergonomic}
   size_t MinHeapDeltaBytes                        = 524288                                    {product} {ergonomic}
   size_t MinHeapSize                              = 104857600                                 {product} {command line}
   size_t NewSize                                  = 34603008                                  {product} {ergonomic}
    uintx NonNMethodCodeHeapSize                   = 5839372                                {pd product} {ergonomic}
    uintx NonProfiledCodeHeapSize                  = 122909434                              {pd product} {ergonomic}
   size_t OldSize                                  = 70254592                                  {product} {ergonomic}
    uintx ProfiledCodeHeapSize                     = 122909434                              {pd product} {ergonomic}
    uintx ReservedCodeCacheSize                    = 251658240                              {pd product} {ergonomic}
     bool SegmentedCodeCache                       = true                                      {product} {ergonomic}
   size_t SoftMaxHeapSize                          = 1073741824                             {manageable} {ergonomic}
     bool UseCompressedClassPointers               = true                           {product lp64_product} {ergonomic}
     bool UseCompressedOops                        = true                           {product lp64_product} {ergonomic}
     bool UseLargePagesIndividualAllocation        = false                                  {pd product} {ergonomic}
     bool UseParallelGC                            = true                                      {product} {command line}

Logging:
Log output configuration:
 #0: stdout all=off uptime,level,tags
 #1: stderr all=off uptime,level,tags

Environment Variables:
JAVA_HOME=C:\Program Files\Java\jdk-21
PATH=C:\Program Files\Microsoft\jdk-17.0.11.9-hotspot\bin;C:\ProgramData\chocolatey\bin;C:\Program Files\nodejs\;C:\Users\lenovo\AppData\Local\Android\Sdk\platform-tools;C:\Program Files\UniConvertor-2.0rc5\;C:\Program Files\UniConvertor-2.0rc5\dlls;C:\Users\lenovo\AppData\Local\Programs\Python\Python311\Scripts\;C:\Users\lenovo\AppData\Local\Programs\Python\Python311\;C:\Users\lenovo\AppData\Roaming\Microsoft\Windows\Start Menu\Programs\Python 3.10;C:\Users\lenovo\AppData\Local\Programs\Microsoft VS Code\bin;C:\Users\lenovo\AppData\Local\Microsoft\WindowsApps;C:\Users\lenovo\go\bin;C:\Users\lenovo\AppData\Local\GitHubDesktop\bin;C:\Users\lenovo\OneDrive\Desktop\Project_material\ParkPlace-main\flutter\bin;C:\Users\lenovo\OneDrive\Desktop\Project_material\ParkPlace-main\Pars\flutter\bin;C:\Program Files\Java\jdk-21\bin;D:\Projects\kaamkaro\flutter\bin;"C:\Users\lenovo\AppData\Local\Android\Sdk\platform-tools;";C:\Windows\System32;C:\Program Files\Git\bin;C:\Program Files\nodejs;C:\Program Files\Java\jdk-21\bin;C:\Users\lenovo\AppData\Roaming\npm
USERNAME=lenovo
OS=Windows_NT
PROCESSOR_IDENTIFIER=AMD64 Family 25 Model 80 Stepping 0, AuthenticAMD
TMP=C:\Users\lenovo\AppData\Local\Temp
TEMP=C:\Users\lenovo\AppData\Local\Temp



Periodic native trim disabled


---------------  S Y S T E M  ---------------

OS:
 Windows 11 , 64 bit Build 22621 (10.0.22621.3958)
OS uptime: 15 days 2:21 hours
Hyper-V role detected

CPU: total 12 (initial active 12) (12 cores per cpu, 2 threads per core) family 25 model 80 stepping 0 microcode 0x0, cx8, cmov, fxsr, ht, mmx, 3dnowpref, sse, sse2, sse3, ssse3, sse4a, sse4.1, sse4.2, popcnt, lzcnt, tsc, tscinvbit, avx, avx2, aes, erms, clmul, bmi1, bmi2, adx, sha, fma, vzeroupper, clflush, clflushopt, hv
Processor Information for all 12 processors :
  Max Mhz: 2301, Current Mhz: 2301, Mhz Limit: 2301

Memory: 4k page, system-wide physical 14188M (840M free)
TotalPageFile size 44600M (AvailPageFile size 652M)
current process WorkingSet (physical memory assigned to process): 241M, peak: 263M
current process commit charge ("private bytes"): 318M, peak: 339M

vm_info: OpenJDK 64-Bit Server VM (17.0.12+7) for windows-amd64 JRE (17.0.12+7), built on Jul 16 2024 22:08:24 by "admin" with MS VC++ 16.10 / 16.11 (VS2019)

END.
