#
# There is insufficient memory for the Java Runtime Environment to continue.
# Native memory allocation (malloc) failed to allocate 529136 bytes for Chunk::new
# Possible reasons:
#   The system is out of physical RAM or swap space
#   The process is running with CompressedOops enabled, and the Java Heap may be blocking the growth of the native heap
# Possible solutions:
#   Reduce memory load on the system
#   Increase physical memory or swap space
#   Check if swap backing store is full
#   Decrease Java heap size (-Xmx/-Xms)
#   Decrease number of Java threads
#   Decrease Java thread stack sizes (-Xss)
#   Set larger code cache with -XX:ReservedCodeCacheSize=
#   JVM is running with Unscaled Compressed Oops mode in which the Java heap is
#     placed in the first 4GB address space. The Java Heap base address is the
#     maximum limit for the native heap growth. Please use -XX:HeapBaseMinAddress
#     to set the Java Heap base and to place the Java Heap above 4GB virtual address.
# This output file may be truncated or incomplete.
#
#  Out of Memory Error (arena.cpp:168), pid=23148, tid=8960
#
# JRE version: Java(TM) SE Runtime Environment (21.0.1+12) (build 21.0.1+12-LTS-29)
# Java VM: Java HotSpot(TM) 64-Bit Server VM (21.0.1+12-LTS-29, mixed mode, sharing, tiered, compressed oops, compressed class ptrs, g1 gc, windows-amd64)
# No core dump will be written. Minidumps are not enabled by default on client versions of Windows
#

---------------  S U M M A R Y ------------

Command Line: -XX:MaxMetaspaceSize=512m --add-opens=java.base/java.util=ALL-UNNAMED --add-opens=java.base/java.lang=ALL-UNNAMED --add-opens=java.base/java.lang.invoke=ALL-UNNAMED --add-opens=java.prefs/java.util.prefs=ALL-UNNAMED --add-opens=java.base/java.nio.charset=ALL-UNNAMED --add-opens=java.base/java.net=ALL-UNNAMED --add-opens=java.base/java.util.concurrent.atomic=ALL-UNNAMED -Xmx2048m -Dfile.encoding=UTF-8 -Duser.country=IN -Duser.language=en -Duser.variant -javaagent:C:\Users\lenovo\.gradle\wrapper\dists\gradle-8.5-all\3zlzzgtsutfj0pbojr50n2l7z\gradle-8.5\lib\agents\gradle-instrumentation-agent-8.5.jar org.gradle.launcher.daemon.bootstrap.GradleDaemon 8.5

Host: AMD Ryzen 5 5625U with Radeon Graphics         , 12 cores, 13G,  Windows 11 , 64 bit Build 22621 (10.0.22621.3958)
Time: Fri Sep 13 23:55:03 2024 India Standard Time elapsed time: 29.029927 seconds (0d 0h 0m 29s)

---------------  T H R E A D  ---------------

Current thread (0x000001083d479380):  JavaThread "C2 CompilerThread0" daemon [_thread_in_native, id=8960, stack(0x0000000101400000,0x0000000101500000) (1024K)]


Current CompileTask:
C2:  29030 8880       4       sun.security.ec.ECOperations::setDouble (463 bytes)

Stack: [0x0000000101400000,0x0000000101500000]
Native frames: (J=compiled Java code, j=interpreted, Vv=VM code, C=native code)
V  [jvm.dll+0x6c9029]
V  [jvm.dll+0x854b81]
V  [jvm.dll+0x856e5e]
V  [jvm.dll+0x857543]
V  [jvm.dll+0x280c06]
V  [jvm.dll+0xc3ead]
V  [jvm.dll+0xc43c3]
V  [jvm.dll+0x2f3f3f]
V  [jvm.dll+0x5f40a6]
V  [jvm.dll+0x252bef]
V  [jvm.dll+0x24b4d0]
V  [jvm.dll+0x248fa3]
V  [jvm.dll+0x1c9ca1]
V  [jvm.dll+0x2586b9]
V  [jvm.dll+0x256c9a]
V  [jvm.dll+0x3ef1b6]
V  [jvm.dll+0x7fd728]
V  [jvm.dll+0x6c777d]
C  [ucrtbase.dll+0x29333]
C  [KERNEL32.DLL+0x1257d]
C  [ntdll.dll+0x5af28]


---------------  P R O C E S S  ---------------

Threads class SMR info:
_java_thread_list=0x0000010861f02ac0, length=77, elements={
0x0000010820515bd0, 0x000001083d36d880, 0x000001083d36e6f0, 0x000001083d473de0,
0x000001083d4784c0, 0x000001083d47b530, 0x000001083d47c140, 0x000001083d479380,
0x000001083d480d80, 0x000001083d541c60, 0x000001083d719360, 0x000001085ddd3990,
0x000001085e8026f0, 0x000001085e89ff10, 0x000001085e6e0f70, 0x000001085e899f00,
0x000001085e889be0, 0x000001085e9f6bd0, 0x000001085e9d6740, 0x000001085e9efdc0,
0x000001085e9f2bb0, 0x000001085e9f1170, 0x000001085e9f1e90, 0x000001085e9f0450,
0x000001085e9f0ae0, 0x000001085e9f1800, 0x000001085f81a860, 0x000001085f81c930,
0x000001085f81cfc0, 0x000001085f8194b0, 0x000001085f818e20, 0x000001085f81ea00,
0x000001085f818790, 0x000001085f819b40, 0x000001085f81a1d0, 0x000001085f817a70,
0x000001085f81bc10, 0x000001085f81aef0, 0x000001085f81b580, 0x000001085f818100,
0x000001085da7ae60, 0x000001085da78070, 0x000001085da7a140, 0x000001085da79420,
0x000001085da7a7d0, 0x000001085f694db0, 0x000001085f694090, 0x000001085f6912a0,
0x000001085f692ce0, 0x000001085f692650, 0x000001085f694720, 0x000001085f68fef0,
0x000001085f697510, 0x000001085f6967f0, 0x000001085f696160, 0x000001085f693a00,
0x000001085f696e80, 0x000001085f693370, 0x000001085f695ad0, 0x000001085f690580,
0x000001085f690c10, 0x000001085f691930, 0x000001085f691fc0, 0x000001086029edb0,
0x00000108602a07f0, 0x000001086029f440, 0x00000108602a2f50, 0x000001086029cce0,
0x00000108602a3c70, 0x00000108602a35e0, 0x000001086029d370, 0x000001086029fad0,
0x000001086029da00, 0x000001086029e090, 0x00000108602a0160, 0x000001086029e720,
0x0000010862c053f0
}

Java Threads: ( => current thread )
  0x0000010820515bd0 JavaThread "main"                              [_thread_blocked, id=25756, stack(0x0000000100600000,0x0000000100700000) (1024K)]
  0x000001083d36d880 JavaThread "Reference Handler"          daemon [_thread_blocked, id=34020, stack(0x0000000100e00000,0x0000000100f00000) (1024K)]
  0x000001083d36e6f0 JavaThread "Finalizer"                  daemon [_thread_blocked, id=38064, stack(0x0000000100f00000,0x0000000101000000) (1024K)]
  0x000001083d473de0 JavaThread "Signal Dispatcher"          daemon [_thread_blocked, id=27516, stack(0x0000000101000000,0x0000000101100000) (1024K)]
  0x000001083d4784c0 JavaThread "Attach Listener"            daemon [_thread_blocked, id=28544, stack(0x0000000101100000,0x0000000101200000) (1024K)]
  0x000001083d47b530 JavaThread "Service Thread"             daemon [_thread_blocked, id=23360, stack(0x0000000101200000,0x0000000101300000) (1024K)]
  0x000001083d47c140 JavaThread "Monitor Deflation Thread"   daemon [_thread_blocked, id=6732, stack(0x0000000101300000,0x0000000101400000) (1024K)]
=>0x000001083d479380 JavaThread "C2 CompilerThread0"         daemon [_thread_in_native, id=8960, stack(0x0000000101400000,0x0000000101500000) (1024K)]
  0x000001083d480d80 JavaThread "C1 CompilerThread0"         daemon [_thread_blocked, id=4972, stack(0x0000000101500000,0x0000000101600000) (1024K)]
  0x000001083d541c60 JavaThread "Common-Cleaner"             daemon [_thread_blocked, id=8764, stack(0x0000000101600000,0x0000000101700000) (1024K)]
  0x000001083d719360 JavaThread "Notification Thread"        daemon [_thread_blocked, id=25632, stack(0x0000000101700000,0x0000000101800000) (1024K)]
  0x000001085ddd3990 JavaThread "Daemon health stats"               [_thread_blocked, id=8556, stack(0x0000000101d00000,0x0000000101e00000) (1024K)]
  0x000001085e8026f0 JavaThread "Incoming local TCP Connector on port 52148"        [_thread_in_native, id=22828, stack(0x0000000101e00000,0x0000000101f00000) (1024K)]
  0x000001085e89ff10 JavaThread "Daemon periodic checks"            [_thread_blocked, id=33052, stack(0x0000000101f00000,0x0000000102000000) (1024K)]
  0x000001085e6e0f70 JavaThread "Daemon"                            [_thread_blocked, id=33212, stack(0x0000000102000000,0x0000000102100000) (1024K)]
  0x000001085e899f00 JavaThread "Handler for socket connection from /127.0.0.1:52148 to /127.0.0.1:52149"        [_thread_in_native, id=31080, stack(0x0000000102100000,0x0000000102200000) (1024K)]
  0x000001085e889be0 JavaThread "Cancel handler"                    [_thread_blocked, id=32828, stack(0x0000000102200000,0x0000000102300000) (1024K)]
  0x000001085e9f6bd0 JavaThread "Daemon worker"                     [_thread_in_native, id=38612, stack(0x0000000102300000,0x0000000102400000) (1024K)]
  0x000001085e9d6740 JavaThread "Asynchronous log dispatcher for DefaultDaemonConnection: socket connection from /127.0.0.1:52148 to /127.0.0.1:52149"        [_thread_blocked, id=29144, stack(0x0000000102400000,0x0000000102500000) (1024K)]
  0x000001085e9efdc0 JavaThread "Stdin handler"                     [_thread_blocked, id=30044, stack(0x0000000102500000,0x0000000102600000) (1024K)]
  0x000001085e9f2bb0 JavaThread "Daemon client event forwarder"        [_thread_blocked, id=32804, stack(0x0000000102600000,0x0000000102700000) (1024K)]
  0x000001085e9f1170 JavaThread "Cache worker for journal cache (C:\Users\lenovo\.gradle\caches\journal-1)"        [_thread_blocked, id=39016, stack(0x0000000101800000,0x0000000101900000) (1024K)]
  0x000001085e9f1e90 JavaThread "File lock request listener"        [_thread_in_native, id=37748, stack(0x0000000102700000,0x0000000102800000) (1024K)]
  0x000001085e9f0450 JavaThread "Cache worker for file hash cache (C:\Users\lenovo\.gradle\caches\8.5\fileHashes)"        [_thread_blocked, id=37944, stack(0x0000000102900000,0x0000000102a00000) (1024K)]
  0x000001085e9f0ae0 JavaThread "File watcher server"        daemon [_thread_in_native, id=14292, stack(0x0000000103100000,0x0000000103200000) (1024K)]
  0x000001085e9f1800 JavaThread "File watcher consumer"      daemon [_thread_blocked, id=38288, stack(0x0000000103200000,0x0000000103300000) (1024K)]
  0x000001085f81a860 JavaThread "Cache worker for checksums cache (D:\Internship_1\Internship4\aquark\AlphaQuark\android\.gradle\8.5\checksums)"        [_thread_blocked, id=14248, stack(0x0000000103300000,0x0000000103400000) (1024K)]
  0x000001085f81c930 JavaThread "Cache worker for file hash cache (D:\Internship_1\Internship4\aquark\AlphaQuark\android\.gradle\8.5\fileHashes)"        [_thread_blocked, id=33576, stack(0x0000000103400000,0x0000000103500000) (1024K)]
  0x000001085f81cfc0 JavaThread "Cache worker for cache directory md-supplier (C:\Users\lenovo\.gradle\caches\8.5\md-supplier)"        [_thread_blocked, id=3920, stack(0x0000000103500000,0x0000000103600000) (1024K)]
  0x000001085f8194b0 JavaThread "Cache worker for cache directory md-rule (C:\Users\lenovo\.gradle\caches\8.5\md-rule)"        [_thread_blocked, id=28468, stack(0x0000000103600000,0x0000000103700000) (1024K)]
  0x000001085f818e20 JavaThread "Cache worker for file content cache (C:\Users\lenovo\.gradle\caches\8.5\fileContent)"        [_thread_blocked, id=19924, stack(0x0000000103700000,0x0000000103800000) (1024K)]
  0x000001085f81ea00 JavaThread "Cache worker for execution history cache (C:\Users\lenovo\.gradle\caches\8.5\executionHistory)"        [_thread_blocked, id=34124, stack(0x0000000103800000,0x0000000103900000) (1024K)]
  0x000001085f818790 JavaThread "jar transforms"                    [_thread_blocked, id=16200, stack(0x0000000103900000,0x0000000103a00000) (1024K)]
  0x000001085f819b40 JavaThread "jar transforms Thread 2"           [_thread_blocked, id=33460, stack(0x0000000103a00000,0x0000000103b00000) (1024K)]
  0x000001085f81a1d0 JavaThread "jar transforms Thread 3"           [_thread_blocked, id=29388, stack(0x0000000103b00000,0x0000000103c00000) (1024K)]
  0x000001085f817a70 JavaThread "jar transforms Thread 4"           [_thread_blocked, id=27400, stack(0x0000000103c00000,0x0000000103d00000) (1024K)]
  0x000001085f81bc10 JavaThread "Exec process"                      [_thread_blocked, id=29484, stack(0x0000000103d00000,0x0000000103e00000) (1024K)]
  0x000001085f81aef0 JavaThread "Exec process Thread 2"             [_thread_blocked, id=37856, stack(0x0000000103e00000,0x0000000103f00000) (1024K)]
  0x000001085f81b580 JavaThread "Exec process Thread 3"             [_thread_blocked, id=38932, stack(0x0000000103f00000,0x0000000104000000) (1024K)]
  0x000001085f818100 JavaThread "Cache worker for kotlin-dsl (C:\Users\lenovo\.gradle\caches\8.5\kotlin-dsl)"        [_thread_blocked, id=29548, stack(0x0000000104000000,0x0000000104100000) (1024K)]
  0x000001085da7ae60 JavaThread "jar transforms Thread 5"           [_thread_blocked, id=6180, stack(0x0000000104100000,0x0000000104200000) (1024K)]
  0x000001085da78070 JavaThread "jar transforms Thread 6"           [_thread_blocked, id=30996, stack(0x0000000104200000,0x0000000104300000) (1024K)]
  0x000001085da7a140 JavaThread "Unconstrained build operations"        [_thread_blocked, id=16108, stack(0x0000000104300000,0x0000000104400000) (1024K)]
  0x000001085da79420 JavaThread "Unconstrained build operations Thread 2"        [_thread_blocked, id=16072, stack(0x0000000104400000,0x0000000104500000) (1024K)]
  0x000001085da7a7d0 JavaThread "jar transforms Thread 7"           [_thread_blocked, id=17128, stack(0x0000000104500000,0x0000000104600000) (1024K)]
  0x000001085f694db0 JavaThread "jar transforms Thread 8"           [_thread_blocked, id=22884, stack(0x0000000104600000,0x0000000104700000) (1024K)]
  0x000001085f694090 JavaThread "jar transforms Thread 9"           [_thread_blocked, id=4792, stack(0x0000000104700000,0x0000000104800000) (1024K)]
  0x000001085f6912a0 JavaThread "jar transforms Thread 10"          [_thread_blocked, id=20244, stack(0x0000000104800000,0x0000000104900000) (1024K)]
  0x000001085f692ce0 JavaThread "jar transforms Thread 11"          [_thread_blocked, id=29816, stack(0x0000000104900000,0x0000000104a00000) (1024K)]
  0x000001085f692650 JavaThread "jar transforms Thread 12"          [_thread_blocked, id=2212, stack(0x0000000104a00000,0x0000000104b00000) (1024K)]
  0x000001085f694720 JavaThread "Cache worker for dependencies-accessors (D:\Internship_1\Internship4\aquark\AlphaQuark\android\.gradle\8.5\dependencies-accessors)"        [_thread_blocked, id=9720, stack(0x0000000104b00000,0x0000000104c00000) (1024K)]
  0x000001085f68fef0 JavaThread "Cache worker for Build Output Cleanup Cache (D:\Internship_1\Internship4\aquark\AlphaQuark\node_modules\@react-native\gradle-plugin\.gradle\buildOutputCleanup)"        [_thread_blocked, id=7500, stack(0x0000000104c00000,0x0000000104d00000) (1024K)]
  0x000001085f697510 JavaThread "Unconstrained build operations Thread 3"        [_thread_blocked, id=8848, stack(0x0000000104d00000,0x0000000104e00000) (1024K)]
  0x000001085f6967f0 JavaThread "Unconstrained build operations Thread 4"        [_thread_blocked, id=17504, stack(0x0000000104e00000,0x0000000104f00000) (1024K)]
  0x000001085f696160 JavaThread "Unconstrained build operations Thread 5"        [_thread_blocked, id=6220, stack(0x0000000104f00000,0x0000000105000000) (1024K)]
  0x000001085f693a00 JavaThread "Unconstrained build operations Thread 6"        [_thread_blocked, id=39036, stack(0x0000000105000000,0x0000000105100000) (1024K)]
  0x000001085f696e80 JavaThread "Unconstrained build operations Thread 7"        [_thread_blocked, id=29956, stack(0x0000000105100000,0x0000000105200000) (1024K)]
  0x000001085f693370 JavaThread "Unconstrained build operations Thread 8"        [_thread_blocked, id=6744, stack(0x0000000105200000,0x0000000105300000) (1024K)]
  0x000001085f695ad0 JavaThread "Unconstrained build operations Thread 9"        [_thread_blocked, id=14140, stack(0x0000000105300000,0x0000000105400000) (1024K)]
  0x000001085f690580 JavaThread "Unconstrained build operations Thread 10"        [_thread_blocked, id=16728, stack(0x0000000105400000,0x0000000105500000) (1024K)]
  0x000001085f690c10 JavaThread "Unconstrained build operations Thread 11"        [_thread_blocked, id=8636, stack(0x0000000105500000,0x0000000105600000) (1024K)]
  0x000001085f691930 JavaThread "Unconstrained build operations Thread 12"        [_thread_blocked, id=4800, stack(0x0000000105600000,0x0000000105700000) (1024K)]
  0x000001085f691fc0 JavaThread "Unconstrained build operations Thread 13"        [_thread_blocked, id=34432, stack(0x0000000105700000,0x0000000105800000) (1024K)]
  0x000001086029edb0 JavaThread "build event listener"              [_thread_blocked, id=23972, stack(0x0000000105800000,0x0000000105900000) (1024K)]
  0x00000108602a07f0 JavaThread "Memory manager"                    [_thread_blocked, id=7080, stack(0x0000000105900000,0x0000000105a00000) (1024K)]
  0x000001086029f440 JavaThread "Cache worker for Build Output Cleanup Cache (D:\Internship_1\Internship4\aquark\AlphaQuark\android\.gradle\buildOutputCleanup)"        [_thread_blocked, id=8528, stack(0x0000000105a00000,0x0000000105b00000) (1024K)]
  0x00000108602a2f50 JavaThread "ForkJoinPool.commonPool-worker-1" daemon [_thread_blocked, id=28972, stack(0x0000000105b00000,0x0000000105c00000) (1024K)]
  0x000001086029cce0 JavaThread "ForkJoinPool.commonPool-worker-2" daemon [_thread_blocked, id=23208, stack(0x0000000105c00000,0x0000000105d00000) (1024K)]
  0x00000108602a3c70 JavaThread "ForkJoinPool.commonPool-worker-3" daemon [_thread_blocked, id=24848, stack(0x0000000105d00000,0x0000000105e00000) (1024K)]
  0x00000108602a35e0 JavaThread "ForkJoinPool.commonPool-worker-4" daemon [_thread_blocked, id=20212, stack(0x0000000105e00000,0x0000000105f00000) (1024K)]
  0x000001086029d370 JavaThread "ForkJoinPool.commonPool-worker-5" daemon [_thread_blocked, id=3844, stack(0x0000000105f00000,0x0000000106000000) (1024K)]
  0x000001086029fad0 JavaThread "ForkJoinPool.commonPool-worker-6" daemon [_thread_blocked, id=16380, stack(0x0000000106000000,0x0000000106100000) (1024K)]
  0x000001086029da00 JavaThread "ForkJoinPool.commonPool-worker-7" daemon [_thread_blocked, id=1524, stack(0x0000000106100000,0x0000000106200000) (1024K)]
  0x000001086029e090 JavaThread "ForkJoinPool.commonPool-worker-8" daemon [_thread_blocked, id=34584, stack(0x0000000106200000,0x0000000106300000) (1024K)]
  0x00000108602a0160 JavaThread "ForkJoinPool.commonPool-worker-9" daemon [_thread_blocked, id=15988, stack(0x0000000106300000,0x0000000106400000) (1024K)]
  0x000001086029e720 JavaThread "ForkJoinPool.commonPool-worker-10" daemon [_thread_blocked, id=24320, stack(0x0000000106400000,0x0000000106500000) (1024K)]
  0x0000010862c053f0 JavaThread "C2 CompilerThread1"         daemon [_thread_blocked, id=38572, stack(0x0000000102800000,0x0000000102900000) (1024K)]
Total: 77

Other Threads:
  0x000001083d353de0 VMThread "VM Thread"                           [id=32940, stack(0x0000000100d00000,0x0000000100e00000) (1024K)]
  0x000001083d33b310 WatcherThread "VM Periodic Task Thread"        [id=11372, stack(0x0000000100c00000,0x0000000100d00000) (1024K)]
  0x000001082056ba00 WorkerThread "GC Thread#0"                     [id=12284, stack(0x0000000100700000,0x0000000100800000) (1024K)]
  0x000001085d89f760 WorkerThread "GC Thread#1"                     [id=23772, stack(0x0000000101900000,0x0000000101a00000) (1024K)]
  0x000001085d89fb00 WorkerThread "GC Thread#2"                     [id=28096, stack(0x0000000101a00000,0x0000000101b00000) (1024K)]
  0x000001085d89fea0 WorkerThread "GC Thread#3"                     [id=28072, stack(0x0000000101b00000,0x0000000101c00000) (1024K)]
  0x000001085d8a0240 WorkerThread "GC Thread#4"                     [id=38164, stack(0x0000000101c00000,0x0000000101d00000) (1024K)]
  0x00000108611a4240 WorkerThread "GC Thread#5"                     [id=1696, stack(0x0000000102a00000,0x0000000102b00000) (1024K)]
  0x00000108611a33c0 WorkerThread "GC Thread#6"                     [id=31160, stack(0x0000000102b00000,0x0000000102c00000) (1024K)]
  0x00000108611a3ea0 WorkerThread "GC Thread#7"                     [id=36272, stack(0x0000000102c00000,0x0000000102d00000) (1024K)]
  0x00000108611a3b00 WorkerThread "GC Thread#8"                     [id=84, stack(0x0000000102d00000,0x0000000102e00000) (1024K)]
  0x00000108611a4980 WorkerThread "GC Thread#9"                     [id=38928, stack(0x0000000102e00000,0x0000000102f00000) (1024K)]
  0x000001081e3ec7f0 ConcurrentGCThread "G1 Main Marker"            [id=16668, stack(0x0000000100800000,0x0000000100900000) (1024K)]
  0x000001081e3ed2f0 WorkerThread "G1 Conc#0"                       [id=18800, stack(0x0000000100900000,0x0000000100a00000) (1024K)]
  0x00000108611a45e0 WorkerThread "G1 Conc#1"                       [id=17780, stack(0x0000000102f00000,0x0000000103000000) (1024K)]
  0x00000108611a3760 WorkerThread "G1 Conc#2"                       [id=18668, stack(0x0000000103000000,0x0000000103100000) (1024K)]
  0x000001083d20b9f0 ConcurrentGCThread "G1 Refine#0"               [id=28952, stack(0x0000000100a00000,0x0000000100b00000) (1024K)]
  0x000001083d20c210 ConcurrentGCThread "G1 Service"                [id=12596, stack(0x0000000100b00000,0x0000000100c00000) (1024K)]
Total: 18

Threads with active compile tasks:
C2 CompilerThread0    29073 8880       4       sun.security.ec.ECOperations::setDouble (463 bytes)
Total: 1

VM state: not at safepoint (normal execution)

VM Mutex/Monitor currently owned by a thread: None

Heap address: 0x0000000080000000, size: 2048 MB, Compressed Oops mode: 32-bit

CDS archive(s) mapped at: [0x000001083e000000-0x000001083ec90000-0x000001083ec90000), size 13172736, SharedBaseAddress: 0x000001083e000000, ArchiveRelocationMode: 1.
Compressed class space mapped at: 0x000001083f000000-0x0000010859000000, reserved size: 436207616
Narrow klass base: 0x000001083e000000, Narrow klass shift: 0, Narrow klass range: 0x100000000

GC Precious Log:
 CardTable entry size: 512
 Card Set container configuration: InlinePtr #cards 5 size 8 Array Of Cards #cards 12 size 40 Howl #buckets 4 coarsen threshold 1843 Howl Bitmap #cards 512 size 80 coarsen threshold 460 Card regions per heap region 1 cards per card region 2048
 CPUs: 12 total, 12 available
 Memory: 14188M
 Large Page Support: Disabled
 NUMA Support: Disabled
 Compressed Oops: Enabled (32-bit)
 Heap Region Size: 1M
 Heap Min Capacity: 8M
 Heap Initial Capacity: 222M
 Heap Max Capacity: 2G
 Pre-touch: Disabled
 Parallel Workers: 10
 Concurrent Workers: 3
 Concurrent Refinement Workers: 10
 Periodic GC: Disabled

Heap:
 garbage-first heap   total 138240K, used 100019K [0x0000000080000000, 0x0000000100000000)
  region size 1024K, 35 young (35840K), 8 survivors (8192K)
 Metaspace       used 73826K, committed 75840K, reserved 491520K
  class space    used 10440K, committed 11456K, reserved 425984K

Heap Regions: E=young(eden), S=young(survivor), O=old, HS=humongous(starts), HC=humongous(continues), CS=collection set, F=free, TAMS=top-at-mark-start, PB=parsable bottom
|   0|0x0000000080000000, 0x0000000080100000, 0x0000000080100000|100%|HS|  |TAMS 0x0000000080000000| PB 0x0000000080000000| Complete 
|   1|0x0000000080100000, 0x0000000080200000, 0x0000000080200000|100%|HC|  |TAMS 0x0000000080100000| PB 0x0000000080100000| Complete 
|   2|0x0000000080200000, 0x0000000080300000, 0x0000000080300000|100%|HC|  |TAMS 0x0000000080200000| PB 0x0000000080200000| Complete 
|   3|0x0000000080300000, 0x0000000080400000, 0x0000000080400000|100%|HC|  |TAMS 0x0000000080300000| PB 0x0000000080300000| Complete 
|   4|0x0000000080400000, 0x0000000080500000, 0x0000000080500000|100%| O|  |TAMS 0x0000000080400000| PB 0x0000000080400000| Untracked 
|   5|0x0000000080500000, 0x0000000080600000, 0x0000000080600000|100%| O|  |TAMS 0x0000000080500000| PB 0x0000000080500000| Untracked 
|   6|0x0000000080600000, 0x0000000080700000, 0x0000000080700000|100%| O|  |TAMS 0x0000000080600000| PB 0x0000000080600000| Untracked 
|   7|0x0000000080700000, 0x0000000080800000, 0x0000000080800000|100%| O|  |TAMS 0x0000000080700000| PB 0x0000000080700000| Untracked 
|   8|0x0000000080800000, 0x0000000080900000, 0x0000000080900000|100%| O|  |TAMS 0x0000000080800000| PB 0x0000000080800000| Untracked 
|   9|0x0000000080900000, 0x0000000080a00000, 0x0000000080a00000|100%| O|  |TAMS 0x0000000080900000| PB 0x0000000080900000| Untracked 
|  10|0x0000000080a00000, 0x0000000080b00000, 0x0000000080b00000|100%| O|  |TAMS 0x0000000080a00000| PB 0x0000000080a00000| Untracked 
|  11|0x0000000080b00000, 0x0000000080c00000, 0x0000000080c00000|100%| O|  |TAMS 0x0000000080b00000| PB 0x0000000080b00000| Untracked 
|  12|0x0000000080c00000, 0x0000000080d00000, 0x0000000080d00000|100%| O|  |TAMS 0x0000000080c00000| PB 0x0000000080c00000| Untracked 
|  13|0x0000000080d00000, 0x0000000080e00000, 0x0000000080e00000|100%| O|  |TAMS 0x0000000080d00000| PB 0x0000000080d00000| Untracked 
|  14|0x0000000080e00000, 0x0000000080f00000, 0x0000000080f00000|100%| O|  |TAMS 0x0000000080e00000| PB 0x0000000080e00000| Untracked 
|  15|0x0000000080f00000, 0x0000000081000000, 0x0000000081000000|100%| O|  |TAMS 0x0000000080f00000| PB 0x0000000080f00000| Untracked 
|  16|0x0000000081000000, 0x0000000081100000, 0x0000000081100000|100%| O|  |TAMS 0x0000000081000000| PB 0x0000000081000000| Untracked 
|  17|0x0000000081100000, 0x0000000081200000, 0x0000000081200000|100%| O|  |TAMS 0x0000000081100000| PB 0x0000000081100000| Untracked 
|  18|0x0000000081200000, 0x0000000081300000, 0x0000000081300000|100%| O|  |TAMS 0x0000000081200000| PB 0x0000000081200000| Untracked 
|  19|0x0000000081300000, 0x0000000081400000, 0x0000000081400000|100%| O|  |TAMS 0x0000000081300000| PB 0x0000000081300000| Untracked 
|  20|0x0000000081400000, 0x0000000081500000, 0x0000000081500000|100%| O|  |TAMS 0x0000000081400000| PB 0x0000000081400000| Untracked 
|  21|0x0000000081500000, 0x0000000081600000, 0x0000000081600000|100%| O|  |TAMS 0x0000000081500000| PB 0x0000000081500000| Untracked 
|  22|0x0000000081600000, 0x0000000081700000, 0x0000000081700000|100%|HS|  |TAMS 0x0000000081600000| PB 0x0000000081600000| Complete 
|  23|0x0000000081700000, 0x0000000081800000, 0x0000000081800000|100%|HC|  |TAMS 0x0000000081700000| PB 0x0000000081700000| Complete 
|  24|0x0000000081800000, 0x0000000081900000, 0x0000000081900000|100%|HS|  |TAMS 0x0000000081800000| PB 0x0000000081800000| Complete 
|  25|0x0000000081900000, 0x0000000081a00000, 0x0000000081a00000|100%|HC|  |TAMS 0x0000000081900000| PB 0x0000000081900000| Complete 
|  26|0x0000000081a00000, 0x0000000081a00000, 0x0000000081b00000|  0%| F|  |TAMS 0x0000000081a00000| PB 0x0000000081a00000| Untracked 
|  27|0x0000000081b00000, 0x0000000081c00000, 0x0000000081c00000|100%| O|  |TAMS 0x0000000081b00000| PB 0x0000000081b00000| Untracked 
|  28|0x0000000081c00000, 0x0000000081d00000, 0x0000000081d00000|100%| O|  |TAMS 0x0000000081c00000| PB 0x0000000081c00000| Untracked 
|  29|0x0000000081d00000, 0x0000000081e00000, 0x0000000081e00000|100%| O|  |TAMS 0x0000000081d00000| PB 0x0000000081d00000| Untracked 
|  30|0x0000000081e00000, 0x0000000081f00000, 0x0000000081f00000|100%| O|  |TAMS 0x0000000081e00000| PB 0x0000000081e00000| Untracked 
|  31|0x0000000081f00000, 0x0000000082000000, 0x0000000082000000|100%| O|  |TAMS 0x0000000081f00000| PB 0x0000000081f00000| Untracked 
|  32|0x0000000082000000, 0x0000000082000000, 0x0000000082100000|  0%| F|  |TAMS 0x0000000082000000| PB 0x0000000082000000| Untracked 
|  33|0x0000000082100000, 0x0000000082200000, 0x0000000082200000|100%|HS|  |TAMS 0x0000000082100000| PB 0x0000000082100000| Complete 
|  34|0x0000000082200000, 0x0000000082300000, 0x0000000082300000|100%|HC|  |TAMS 0x0000000082200000| PB 0x0000000082200000| Complete 
|  35|0x0000000082300000, 0x0000000082400000, 0x0000000082400000|100%|HC|  |TAMS 0x0000000082300000| PB 0x0000000082300000| Complete 
|  36|0x0000000082400000, 0x0000000082500000, 0x0000000082500000|100%|HC|  |TAMS 0x0000000082400000| PB 0x0000000082400000| Complete 
|  37|0x0000000082500000, 0x0000000082600000, 0x0000000082600000|100%| O|  |TAMS 0x0000000082500000| PB 0x0000000082500000| Untracked 
|  38|0x0000000082600000, 0x0000000082700000, 0x0000000082700000|100%|HS|  |TAMS 0x0000000082600000| PB 0x0000000082600000| Complete 
|  39|0x0000000082700000, 0x0000000082800000, 0x0000000082800000|100%|HC|  |TAMS 0x0000000082700000| PB 0x0000000082700000| Complete 
|  40|0x0000000082800000, 0x0000000082900000, 0x0000000082900000|100%|HC|  |TAMS 0x0000000082800000| PB 0x0000000082800000| Complete 
|  41|0x0000000082900000, 0x0000000082a00000, 0x0000000082a00000|100%|HC|  |TAMS 0x0000000082900000| PB 0x0000000082900000| Complete 
|  42|0x0000000082a00000, 0x0000000082b00000, 0x0000000082b00000|100%| O|  |TAMS 0x0000000082a00000| PB 0x0000000082a00000| Untracked 
|  43|0x0000000082b00000, 0x0000000082c00000, 0x0000000082c00000|100%| O|  |TAMS 0x0000000082b00000| PB 0x0000000082b00000| Untracked 
|  44|0x0000000082c00000, 0x0000000082d00000, 0x0000000082d00000|100%| O|  |TAMS 0x0000000082c00000| PB 0x0000000082c00000| Untracked 
|  45|0x0000000082d00000, 0x0000000082e00000, 0x0000000082e00000|100%| O|  |TAMS 0x0000000082d00000| PB 0x0000000082d00000| Untracked 
|  46|0x0000000082e00000, 0x0000000082f00000, 0x0000000082f00000|100%| O|  |TAMS 0x0000000082e00000| PB 0x0000000082e00000| Untracked 
|  47|0x0000000082f00000, 0x0000000083000000, 0x0000000083000000|100%| O|  |TAMS 0x0000000082f00000| PB 0x0000000082f00000| Untracked 
|  48|0x0000000083000000, 0x0000000083100000, 0x0000000083100000|100%| O|  |TAMS 0x0000000083000000| PB 0x0000000083000000| Untracked 
|  49|0x0000000083100000, 0x0000000083200000, 0x0000000083200000|100%| O|  |TAMS 0x0000000083100000| PB 0x0000000083100000| Untracked 
|  50|0x0000000083200000, 0x0000000083300000, 0x0000000083300000|100%| O|  |TAMS 0x0000000083200000| PB 0x0000000083200000| Untracked 
|  51|0x0000000083300000, 0x0000000083400000, 0x0000000083400000|100%| O|  |TAMS 0x0000000083300000| PB 0x0000000083300000| Untracked 
|  52|0x0000000083400000, 0x00000000834acd00, 0x0000000083500000| 67%| O|  |TAMS 0x0000000083400000| PB 0x0000000083400000| Untracked 
|  53|0x0000000083500000, 0x0000000083500000, 0x0000000083600000|  0%| F|  |TAMS 0x0000000083500000| PB 0x0000000083500000| Untracked 
|  54|0x0000000083600000, 0x0000000083600000, 0x0000000083700000|  0%| F|  |TAMS 0x0000000083600000| PB 0x0000000083600000| Untracked 
|  55|0x0000000083700000, 0x0000000083700000, 0x0000000083800000|  0%| F|  |TAMS 0x0000000083700000| PB 0x0000000083700000| Untracked 
|  56|0x0000000083800000, 0x0000000083800000, 0x0000000083900000|  0%| F|  |TAMS 0x0000000083800000| PB 0x0000000083800000| Untracked 
|  57|0x0000000083900000, 0x0000000083a00000, 0x0000000083a00000|100%| S|CS|TAMS 0x0000000083900000| PB 0x0000000083900000| Complete 
|  58|0x0000000083a00000, 0x0000000083b00000, 0x0000000083b00000|100%| S|CS|TAMS 0x0000000083a00000| PB 0x0000000083a00000| Complete 
|  59|0x0000000083b00000, 0x0000000083c00000, 0x0000000083c00000|100%| S|CS|TAMS 0x0000000083b00000| PB 0x0000000083b00000| Complete 
|  60|0x0000000083c00000, 0x0000000083d00000, 0x0000000083d00000|100%| S|CS|TAMS 0x0000000083c00000| PB 0x0000000083c00000| Complete 
|  61|0x0000000083d00000, 0x0000000083e00000, 0x0000000083e00000|100%| S|CS|TAMS 0x0000000083d00000| PB 0x0000000083d00000| Complete 
|  62|0x0000000083e00000, 0x0000000083f00000, 0x0000000083f00000|100%| S|CS|TAMS 0x0000000083e00000| PB 0x0000000083e00000| Complete 
|  63|0x0000000083f00000, 0x0000000084000000, 0x0000000084000000|100%| S|CS|TAMS 0x0000000083f00000| PB 0x0000000083f00000| Complete 
|  64|0x0000000084000000, 0x0000000084000000, 0x0000000084100000|  0%| F|  |TAMS 0x0000000084000000| PB 0x0000000084000000| Untracked 
|  65|0x0000000084100000, 0x0000000084100000, 0x0000000084200000|  0%| F|  |TAMS 0x0000000084100000| PB 0x0000000084100000| Untracked 
|  66|0x0000000084200000, 0x0000000084200000, 0x0000000084300000|  0%| F|  |TAMS 0x0000000084200000| PB 0x0000000084200000| Untracked 
|  67|0x0000000084300000, 0x0000000084300000, 0x0000000084400000|  0%| F|  |TAMS 0x0000000084300000| PB 0x0000000084300000| Untracked 
|  68|0x0000000084400000, 0x0000000084400000, 0x0000000084500000|  0%| F|  |TAMS 0x0000000084400000| PB 0x0000000084400000| Untracked 
|  69|0x0000000084500000, 0x0000000084600000, 0x0000000084600000|100%| S|CS|TAMS 0x0000000084500000| PB 0x0000000084500000| Complete 
|  70|0x0000000084600000, 0x0000000084600000, 0x0000000084700000|  0%| F|  |TAMS 0x0000000084600000| PB 0x0000000084600000| Untracked 
|  71|0x0000000084700000, 0x0000000084700000, 0x0000000084800000|  0%| F|  |TAMS 0x0000000084700000| PB 0x0000000084700000| Untracked 
|  72|0x0000000084800000, 0x0000000084800000, 0x0000000084900000|  0%| F|  |TAMS 0x0000000084800000| PB 0x0000000084800000| Untracked 
|  73|0x0000000084900000, 0x0000000084900000, 0x0000000084a00000|  0%| F|  |TAMS 0x0000000084900000| PB 0x0000000084900000| Untracked 
|  74|0x0000000084a00000, 0x0000000084a00000, 0x0000000084b00000|  0%| F|  |TAMS 0x0000000084a00000| PB 0x0000000084a00000| Untracked 
|  75|0x0000000084b00000, 0x0000000084b00000, 0x0000000084c00000|  0%| F|  |TAMS 0x0000000084b00000| PB 0x0000000084b00000| Untracked 
|  76|0x0000000084c00000, 0x0000000084c00000, 0x0000000084d00000|  0%| F|  |TAMS 0x0000000084c00000| PB 0x0000000084c00000| Untracked 
|  77|0x0000000084d00000, 0x0000000084d00000, 0x0000000084e00000|  0%| F|  |TAMS 0x0000000084d00000| PB 0x0000000084d00000| Untracked 
|  78|0x0000000084e00000, 0x0000000084e00000, 0x0000000084f00000|  0%| F|  |TAMS 0x0000000084e00000| PB 0x0000000084e00000| Untracked 
|  79|0x0000000084f00000, 0x0000000084f00000, 0x0000000085000000|  0%| F|  |TAMS 0x0000000084f00000| PB 0x0000000084f00000| Untracked 
|  80|0x0000000085000000, 0x0000000085000000, 0x0000000085100000|  0%| F|  |TAMS 0x0000000085000000| PB 0x0000000085000000| Untracked 
|  81|0x0000000085100000, 0x0000000085100000, 0x0000000085200000|  0%| F|  |TAMS 0x0000000085100000| PB 0x0000000085100000| Untracked 
|  82|0x0000000085200000, 0x0000000085200000, 0x0000000085300000|  0%| F|  |TAMS 0x0000000085200000| PB 0x0000000085200000| Untracked 
|  83|0x0000000085300000, 0x0000000085300000, 0x0000000085400000|  0%| F|  |TAMS 0x0000000085300000| PB 0x0000000085300000| Untracked 
|  84|0x0000000085400000, 0x0000000085400000, 0x0000000085500000|  0%| F|  |TAMS 0x0000000085400000| PB 0x0000000085400000| Untracked 
|  85|0x0000000085500000, 0x0000000085500000, 0x0000000085600000|  0%| F|  |TAMS 0x0000000085500000| PB 0x0000000085500000| Untracked 
|  86|0x0000000085600000, 0x0000000085600000, 0x0000000085700000|  0%| F|  |TAMS 0x0000000085600000| PB 0x0000000085600000| Untracked 
|  87|0x0000000085700000, 0x0000000085700000, 0x0000000085800000|  0%| F|  |TAMS 0x0000000085700000| PB 0x0000000085700000| Untracked 
|  88|0x0000000085800000, 0x0000000085800000, 0x0000000085900000|  0%| F|  |TAMS 0x0000000085800000| PB 0x0000000085800000| Untracked 
|  89|0x0000000085900000, 0x0000000085900000, 0x0000000085a00000|  0%| F|  |TAMS 0x0000000085900000| PB 0x0000000085900000| Untracked 
|  90|0x0000000085a00000, 0x0000000085a00000, 0x0000000085b00000|  0%| F|  |TAMS 0x0000000085a00000| PB 0x0000000085a00000| Untracked 
|  91|0x0000000085b00000, 0x0000000085b00000, 0x0000000085c00000|  0%| F|  |TAMS 0x0000000085b00000| PB 0x0000000085b00000| Untracked 
|  92|0x0000000085c00000, 0x0000000085c00000, 0x0000000085d00000|  0%| F|  |TAMS 0x0000000085c00000| PB 0x0000000085c00000| Untracked 
|  93|0x0000000085d00000, 0x0000000085d00000, 0x0000000085e00000|  0%| F|  |TAMS 0x0000000085d00000| PB 0x0000000085d00000| Untracked 
|  94|0x0000000085e00000, 0x0000000085e00000, 0x0000000085f00000|  0%| F|  |TAMS 0x0000000085e00000| PB 0x0000000085e00000| Untracked 
|  95|0x0000000085f00000, 0x0000000085f075c0, 0x0000000086000000|  2%| E|  |TAMS 0x0000000085f00000| PB 0x0000000085f00000| Complete 
|  96|0x0000000086000000, 0x0000000086100000, 0x0000000086100000|100%| E|CS|TAMS 0x0000000086000000| PB 0x0000000086000000| Complete 
|  97|0x0000000086100000, 0x0000000086200000, 0x0000000086200000|100%| E|CS|TAMS 0x0000000086100000| PB 0x0000000086100000| Complete 
|  98|0x0000000086200000, 0x0000000086300000, 0x0000000086300000|100%| E|CS|TAMS 0x0000000086200000| PB 0x0000000086200000| Complete 
|  99|0x0000000086300000, 0x0000000086400000, 0x0000000086400000|100%| E|CS|TAMS 0x0000000086300000| PB 0x0000000086300000| Complete 
| 100|0x0000000086400000, 0x0000000086500000, 0x0000000086500000|100%| E|CS|TAMS 0x0000000086400000| PB 0x0000000086400000| Complete 
| 101|0x0000000086500000, 0x0000000086600000, 0x0000000086600000|100%| E|CS|TAMS 0x0000000086500000| PB 0x0000000086500000| Complete 
| 102|0x0000000086600000, 0x0000000086700000, 0x0000000086700000|100%| E|CS|TAMS 0x0000000086600000| PB 0x0000000086600000| Complete 
| 103|0x0000000086700000, 0x0000000086800000, 0x0000000086800000|100%| E|CS|TAMS 0x0000000086700000| PB 0x0000000086700000| Complete 
| 104|0x0000000086800000, 0x0000000086900000, 0x0000000086900000|100%| E|CS|TAMS 0x0000000086800000| PB 0x0000000086800000| Complete 
| 105|0x0000000086900000, 0x0000000086a00000, 0x0000000086a00000|100%| E|CS|TAMS 0x0000000086900000| PB 0x0000000086900000| Complete 
| 106|0x0000000086a00000, 0x0000000086b00000, 0x0000000086b00000|100%| E|CS|TAMS 0x0000000086a00000| PB 0x0000000086a00000| Complete 
| 107|0x0000000086b00000, 0x0000000086c00000, 0x0000000086c00000|100%| E|CS|TAMS 0x0000000086b00000| PB 0x0000000086b00000| Complete 
| 108|0x0000000086c00000, 0x0000000086d00000, 0x0000000086d00000|100%| E|CS|TAMS 0x0000000086c00000| PB 0x0000000086c00000| Complete 
| 109|0x0000000086d00000, 0x0000000086e00000, 0x0000000086e00000|100%| E|CS|TAMS 0x0000000086d00000| PB 0x0000000086d00000| Complete 
| 110|0x0000000086e00000, 0x0000000086f00000, 0x0000000086f00000|100%| E|CS|TAMS 0x0000000086e00000| PB 0x0000000086e00000| Complete 
| 111|0x0000000086f00000, 0x0000000087000000, 0x0000000087000000|100%| E|CS|TAMS 0x0000000086f00000| PB 0x0000000086f00000| Complete 
| 112|0x0000000087000000, 0x0000000087100000, 0x0000000087100000|100%| E|CS|TAMS 0x0000000087000000| PB 0x0000000087000000| Complete 
| 113|0x0000000087100000, 0x0000000087200000, 0x0000000087200000|100%| E|CS|TAMS 0x0000000087100000| PB 0x0000000087100000| Complete 
| 114|0x0000000087200000, 0x0000000087300000, 0x0000000087300000|100%| E|CS|TAMS 0x0000000087200000| PB 0x0000000087200000| Complete 
| 115|0x0000000087300000, 0x0000000087400000, 0x0000000087400000|100%| E|CS|TAMS 0x0000000087300000| PB 0x0000000087300000| Complete 
| 116|0x0000000087400000, 0x0000000087500000, 0x0000000087500000|100%| E|CS|TAMS 0x0000000087400000| PB 0x0000000087400000| Complete 
| 117|0x0000000087500000, 0x0000000087600000, 0x0000000087600000|100%| E|CS|TAMS 0x0000000087500000| PB 0x0000000087500000| Complete 
| 118|0x0000000087600000, 0x0000000087700000, 0x0000000087700000|100%| E|CS|TAMS 0x0000000087600000| PB 0x0000000087600000| Complete 
| 220|0x000000008dc00000, 0x000000008dd00000, 0x000000008dd00000|100%| E|CS|TAMS 0x000000008dc00000| PB 0x000000008dc00000| Complete 
| 221|0x000000008dd00000, 0x000000008de00000, 0x000000008de00000|100%| E|CS|TAMS 0x000000008dd00000| PB 0x000000008dd00000| Complete 
|2034|0x00000000ff200000, 0x00000000ff300000, 0x00000000ff300000|100%| O|  |TAMS 0x00000000ff200000| PB 0x00000000ff200000| Untracked 
|2035|0x00000000ff300000, 0x00000000ff400000, 0x00000000ff400000|100%| E|CS|TAMS 0x00000000ff300000| PB 0x00000000ff300000| Complete 
|2036|0x00000000ff400000, 0x00000000ff500000, 0x00000000ff500000|100%| O|  |TAMS 0x00000000ff400000| PB 0x00000000ff400000| Untracked 
|2037|0x00000000ff500000, 0x00000000ff600000, 0x00000000ff600000|100%| O|  |TAMS 0x00000000ff500000| PB 0x00000000ff500000| Untracked 
|2038|0x00000000ff600000, 0x00000000ff700000, 0x00000000ff700000|100%| O|  |TAMS 0x00000000ff600000| PB 0x00000000ff600000| Untracked 
|2039|0x00000000ff700000, 0x00000000ff800000, 0x00000000ff800000|100%| O|  |TAMS 0x00000000ff700000| PB 0x00000000ff700000| Untracked 
|2040|0x00000000ff800000, 0x00000000ff900000, 0x00000000ff900000|100%| O|  |TAMS 0x00000000ff800000| PB 0x00000000ff800000| Untracked 
|2041|0x00000000ff900000, 0x00000000ffa00000, 0x00000000ffa00000|100%| O|  |TAMS 0x00000000ff900000| PB 0x00000000ff900000| Untracked 
|2042|0x00000000ffa00000, 0x00000000ffb00000, 0x00000000ffb00000|100%| O|  |TAMS 0x00000000ffa00000| PB 0x00000000ffa00000| Untracked 
|2043|0x00000000ffb00000, 0x00000000ffc00000, 0x00000000ffc00000|100%| O|  |TAMS 0x00000000ffb00000| PB 0x00000000ffb00000| Untracked 
|2044|0x00000000ffc00000, 0x00000000ffd00000, 0x00000000ffd00000|100%| O|  |TAMS 0x00000000ffc00000| PB 0x00000000ffc00000| Untracked 
|2045|0x00000000ffd00000, 0x00000000ffe00000, 0x00000000ffe00000|100%| O|  |TAMS 0x00000000ffd00000| PB 0x00000000ffd00000| Untracked 
|2046|0x00000000ffe00000, 0x00000000fff00000, 0x00000000fff00000|100%| O|  |TAMS 0x00000000ffe00000| PB 0x00000000ffe00000| Untracked 
|2047|0x00000000fff00000, 0x0000000100000000, 0x0000000100000000|100%| O|  |TAMS 0x00000000fff00000| PB 0x00000000fff00000| Untracked 

Card table byte_map: [0x00000108382c0000,0x00000108386c0000] _byte_map_base: 0x0000010837ec0000

Marking Bits: (CMBitMap*) 0x000001082056c100
 Bits: [0x00000108386c0000, 0x000001083a6c0000)

Polling page: 0x000001081e4e0000

Metaspace:

Usage:
  Non-class:     61.90 MB used.
      Class:     10.20 MB used.
       Both:     72.10 MB used.

Virtual space:
  Non-class space:       64.00 MB reserved,      62.88 MB ( 98%) committed,  1 nodes.
      Class space:      416.00 MB reserved,      11.19 MB (  3%) committed,  1 nodes.
             Both:      480.00 MB reserved,      74.06 MB ( 15%) committed. 

Chunk freelists:
   Non-Class:  928.00 KB
       Class:  4.73 MB
        Both:  5.64 MB

MaxMetaspaceSize: 512.00 MB
CompressedClassSpaceSize: 416.00 MB
Initial GC threshold: 21.00 MB
Current GC threshold: 107.31 MB
CDS: on
 - commit_granule_bytes: 65536.
 - commit_granule_words: 8192.
 - virtual_space_node_default_size: 8388608.
 - enlarge_chunks_in_place: 1.
 - use_allocation_guard: 0.


Internal statistics:

num_allocs_failed_limit: 9.
num_arena_births: 3556.
num_arena_deaths: 0.
num_vsnodes_births: 2.
num_vsnodes_deaths: 0.
num_space_committed: 1185.
num_space_uncommitted: 0.
num_chunks_returned_to_freelist: 9.
num_chunks_taken_from_freelist: 6843.
num_chunk_merges: 9.
num_chunk_splits: 4444.
num_chunks_enlarged: 2741.
num_inconsistent_stats: 0.

CodeHeap 'non-profiled nmethods': size=120000Kb used=4195Kb max_used=4195Kb free=115804Kb
 bounds [0x0000010830430000, 0x0000010830850000, 0x0000010837960000]
CodeHeap 'profiled nmethods': size=120000Kb used=14820Kb max_used=14820Kb free=105179Kb
 bounds [0x0000010828960000, 0x00000108297e0000, 0x000001082fe90000]
CodeHeap 'non-nmethods': size=5760Kb used=2850Kb max_used=2869Kb free=2909Kb
 bounds [0x000001082fe90000, 0x0000010830170000, 0x0000010830430000]
 total_blobs=8748 nmethods=7799 adapters=852
 compilation: enabled
              stopped_count=0, restarted_count=0
 full_count=0

Compilation events (20 events):
Event: 28.972 Thread 0x000001083d479380 8862       4       sun.security.util.math.intpoly.IntegerPolynomial$MutableElement::setProduct (58 bytes)
Event: 28.978 Thread 0x000001083d479380 nmethod 8862 0x0000010830844890 code [0x0000010830844a60, 0x0000010830844ed8]
Event: 28.978 Thread 0x000001083d479380 8865       4       sun.security.util.math.intpoly.IntegerPolynomial$MutableElement::setSquare (5 bytes)
Event: 28.979 Thread 0x000001083d479380 nmethod 8865 0x0000010830845190 code [0x0000010830845340, 0x0000010830845488]
Event: 28.979 Thread 0x000001083d479380 8866       4       sun.security.util.math.intpoly.IntegerPolynomial$MutableElement::setSquare (52 bytes)
Event: 28.980 Thread 0x000001083d479380 nmethod 8866 0x0000010830845610 code [0x00000108308457c0, 0x0000010830845908]
Event: 28.980 Thread 0x000001083d479380 8871       4       sun.security.util.math.intpoly.IntegerPolynomialP256::square (613 bytes)
Event: 28.983 Thread 0x000001083d480d80 8882       3       sun.security.ec.ECOperations$PointMultiplier$Secp256R1GeneratorMultiplier::bit (13 bytes)
Event: 28.983 Thread 0x000001083d480d80 nmethod 8882 0x00000108297d8910 code [0x00000108297d8aa0, 0x00000108297d8bc8]
Event: 28.983 Thread 0x000001083d480d80 8883       3       java.math.BigInteger::valueOf (62 bytes)
Event: 28.984 Thread 0x000001083d480d80 nmethod 8883 0x00000108297d8c90 code [0x00000108297d8e60, 0x00000108297d9250]
Event: 28.986 Thread 0x000001083d479380 nmethod 8871 0x0000010830845a10 code [0x0000010830845bc0, 0x0000010830846150]
Event: 28.986 Thread 0x000001083d479380 8881       4       sun.security.util.math.intpoly.IntegerPolynomial$MutableElement::setAdditiveInverse (32 bytes)
Event: 28.989 Thread 0x0000010862c053f0 nmethod 8879 0x0000010830846310 code [0x0000010830846500, 0x0000010830846f60]
Event: 28.989 Thread 0x0000010862c053f0 8873       4       sun.security.ec.point.ProjectivePoint$Mutable::conditionalSet (53 bytes)
Event: 28.990 Thread 0x000001083d479380 nmethod 8881 0x0000010830847610 code [0x00000108308477a0, 0x0000010830847960]
Event: 28.990 Thread 0x000001083d479380 8859       4       sun.security.util.math.intpoly.IntegerPolynomialP256::reduce (40 bytes)
Event: 28.991 Thread 0x000001083d479380 nmethod 8859 0x0000010830847a10 code [0x0000010830847ba0, 0x0000010830847cd8]
Event: 28.991 Thread 0x000001083d479380 8880       4       sun.security.ec.ECOperations::setDouble (463 bytes)
Event: 29.008 Thread 0x0000010862c053f0 nmethod 8873 0x0000010830847e10 code [0x0000010830848000, 0x00000108308488d8]

GC Heap History (20 events):
Event: 9.663 GC heap before
{Heap before GC invocations=6 (full 0):
 garbage-first heap   total 107520K, used 34656K [0x0000000080000000, 0x0000000100000000)
  region size 1024K, 9 young (9216K), 8 survivors (8192K)
 Metaspace       used 35201K, committed 36416K, reserved 491520K
  class space    used 4956K, committed 5568K, reserved 425984K
}
Event: 9.669 GC heap after
{Heap after GC invocations=7 (full 0):
 garbage-first heap   total 107520K, used 34733K [0x0000000080000000, 0x0000000100000000)
  region size 1024K, 4 young (4096K), 4 survivors (4096K)
 Metaspace       used 35201K, committed 36416K, reserved 491520K
  class space    used 4956K, committed 5568K, reserved 425984K
}
Event: 23.327 GC heap before
{Heap before GC invocations=8 (full 0):
 garbage-first heap   total 107520K, used 95149K [0x0000000080000000, 0x0000000100000000)
  region size 1024K, 62 young (63488K), 4 survivors (4096K)
 Metaspace       used 40355K, committed 41664K, reserved 491520K
  class space    used 5628K, committed 6272K, reserved 425984K
}
Event: 23.332 GC heap after
{Heap after GC invocations=9 (full 0):
 garbage-first heap   total 107520K, used 37879K [0x0000000080000000, 0x0000000100000000)
  region size 1024K, 8 young (8192K), 8 survivors (8192K)
 Metaspace       used 40355K, committed 41664K, reserved 491520K
  class space    used 5628K, committed 6272K, reserved 425984K
}
Event: 24.033 GC heap before
{Heap before GC invocations=9 (full 0):
 garbage-first heap   total 107520K, used 93175K [0x0000000080000000, 0x0000000100000000)
  region size 1024K, 62 young (63488K), 8 survivors (8192K)
 Metaspace       used 46262K, committed 47872K, reserved 491520K
  class space    used 6589K, committed 7360K, reserved 425984K
}
Event: 24.039 GC heap after
{Heap after GC invocations=10 (full 0):
 garbage-first heap   total 107520K, used 41879K [0x0000000080000000, 0x0000000100000000)
  region size 1024K, 5 young (5120K), 5 survivors (5120K)
 Metaspace       used 46262K, committed 47872K, reserved 491520K
  class space    used 6589K, committed 7360K, reserved 425984K
}
Event: 24.999 GC heap before
{Heap before GC invocations=10 (full 0):
 garbage-first heap   total 107520K, used 98199K [0x0000000080000000, 0x0000000100000000)
  region size 1024K, 56 young (57344K), 5 survivors (5120K)
 Metaspace       used 52235K, committed 54080K, reserved 491520K
  class space    used 7469K, committed 8384K, reserved 425984K
}
Event: 25.004 GC heap after
{Heap after GC invocations=11 (full 0):
 garbage-first heap   total 108544K, used 50691K [0x0000000080000000, 0x0000000100000000)
  region size 1024K, 7 young (7168K), 7 survivors (7168K)
 Metaspace       used 52235K, committed 54080K, reserved 491520K
  class space    used 7469K, committed 8384K, reserved 425984K
}
Event: 25.237 GC heap before
{Heap before GC invocations=11 (full 0):
 garbage-first heap   total 108544K, used 70147K [0x0000000080000000, 0x0000000100000000)
  region size 1024K, 23 young (23552K), 7 survivors (7168K)
 Metaspace       used 53881K, committed 55680K, reserved 491520K
  class space    used 7695K, committed 8576K, reserved 425984K
}
Event: 25.242 GC heap after
{Heap after GC invocations=12 (full 0):
 garbage-first heap   total 108544K, used 57458K [0x0000000080000000, 0x0000000100000000)
  region size 1024K, 3 young (3072K), 3 survivors (3072K)
 Metaspace       used 53881K, committed 55680K, reserved 491520K
  class space    used 7695K, committed 8576K, reserved 425984K
}
Event: 25.766 GC heap before
{Heap before GC invocations=13 (full 0):
 garbage-first heap   total 108544K, used 101490K [0x0000000080000000, 0x0000000100000000)
  region size 1024K, 42 young (43008K), 3 survivors (3072K)
 Metaspace       used 58121K, committed 59904K, reserved 491520K
  class space    used 8278K, committed 9152K, reserved 425984K
}
Event: 25.769 GC heap after
{Heap after GC invocations=14 (full 0):
 garbage-first heap   total 108544K, used 63228K [0x0000000080000000, 0x0000000100000000)
  region size 1024K, 4 young (4096K), 4 survivors (4096K)
 Metaspace       used 58121K, committed 59904K, reserved 491520K
  class space    used 8278K, committed 9152K, reserved 425984K
}
Event: 26.163 GC heap before
{Heap before GC invocations=14 (full 0):
 garbage-first heap   total 108544K, used 98044K [0x0000000080000000, 0x0000000100000000)
  region size 1024K, 38 young (38912K), 4 survivors (4096K)
 Metaspace       used 61612K, committed 63552K, reserved 491520K
  class space    used 8843K, committed 9792K, reserved 425984K
}
Event: 26.168 GC heap after
{Heap after GC invocations=15 (full 0):
 garbage-first heap   total 108544K, used 64298K [0x0000000080000000, 0x0000000100000000)
  region size 1024K, 5 young (5120K), 5 survivors (5120K)
 Metaspace       used 61612K, committed 63552K, reserved 491520K
  class space    used 8843K, committed 9792K, reserved 425984K
}
Event: 26.484 GC heap before
{Heap before GC invocations=15 (full 0):
 garbage-first heap   total 108544K, used 96042K [0x0000000080000000, 0x0000000100000000)
  region size 1024K, 36 young (36864K), 5 survivors (5120K)
 Metaspace       used 63917K, committed 65792K, reserved 491520K
  class space    used 9180K, committed 10112K, reserved 425984K
}
Event: 26.489 GC heap after
{Heap after GC invocations=16 (full 0):
 garbage-first heap   total 108544K, used 65672K [0x0000000080000000, 0x0000000100000000)
  region size 1024K, 4 young (4096K), 4 survivors (4096K)
 Metaspace       used 63917K, committed 65792K, reserved 491520K
  class space    used 9180K, committed 10112K, reserved 425984K
}
Event: 26.831 GC heap before
{Heap before GC invocations=17 (full 0):
 garbage-first heap   total 114688K, used 96392K [0x0000000080000000, 0x0000000100000000)
  region size 1024K, 34 young (34816K), 4 survivors (4096K)
 Metaspace       used 65474K, committed 67392K, reserved 491520K
  class space    used 9389K, committed 10304K, reserved 425984K
}
Event: 26.837 GC heap after
{Heap after GC invocations=18 (full 0):
 garbage-first heap   total 138240K, used 69445K [0x0000000080000000, 0x0000000100000000)
  region size 1024K, 5 young (5120K), 5 survivors (5120K)
 Metaspace       used 65474K, committed 67392K, reserved 491520K
  class space    used 9389K, committed 10304K, reserved 425984K
}
Event: 27.635 GC heap before
{Heap before GC invocations=18 (full 0):
 garbage-first heap   total 138240K, used 122693K [0x0000000080000000, 0x0000000100000000)
  region size 1024K, 57 young (58368K), 5 survivors (5120K)
 Metaspace       used 68395K, committed 70400K, reserved 491520K
  class space    used 9791K, committed 10752K, reserved 425984K
}
Event: 27.641 GC heap after
{Heap after GC invocations=19 (full 0):
 garbage-first heap   total 138240K, used 73395K [0x0000000080000000, 0x0000000100000000)
  region size 1024K, 8 young (8192K), 8 survivors (8192K)
 Metaspace       used 68395K, committed 70400K, reserved 491520K
  class space    used 9791K, committed 10752K, reserved 425984K
}

Dll operation events (15 events):
Event: 0.017 Loaded shared library C:\Program Files\Java\jdk-21\bin\java.dll
Event: 0.083 Loaded shared library C:\Program Files\Java\jdk-21\bin\jsvml.dll
Event: 0.161 Loaded shared library C:\Program Files\Java\jdk-21\bin\zip.dll
Event: 0.166 Loaded shared library C:\Program Files\Java\jdk-21\bin\instrument.dll
Event: 0.172 Loaded shared library C:\Program Files\Java\jdk-21\bin\net.dll
Event: 0.175 Loaded shared library C:\Program Files\Java\jdk-21\bin\nio.dll
Event: 0.182 Loaded shared library C:\Program Files\Java\jdk-21\bin\zip.dll
Event: 0.593 Loaded shared library C:\Program Files\Java\jdk-21\bin\jimage.dll
Event: 0.713 Loaded shared library C:\Program Files\Java\jdk-21\bin\verify.dll
Event: 0.960 Loaded shared library C:\Users\lenovo\.gradle\native\c067742578af261105cb4f569cf0c3c89f3d7b1fecec35dd04571415982c5e48\windows-amd64\native-platform.dll
Event: 0.969 Loaded shared library C:\Users\lenovo\.gradle\native\38dada09dfb8b06ba9b0570ebf7e218e3eb74d4ef43ca46872605cf95ebc2f47\windows-amd64\native-platform-file-events.dll
Event: 2.813 Loaded shared library C:\Program Files\Java\jdk-21\bin\management.dll
Event: 2.819 Loaded shared library C:\Program Files\Java\jdk-21\bin\management_ext.dll
Event: 3.273 Loaded shared library C:\Program Files\Java\jdk-21\bin\extnet.dll
Event: 3.527 Loaded shared library C:\Program Files\Java\jdk-21\bin\sunmscapi.dll

Deoptimization events (20 events):
Event: 28.124 Thread 0x000001085e9f6bd0 Uncommon trap: trap_request=0xffffff45 fr.pc=0x00000108304f64a0 relative=0x0000000000000080
Event: 28.124 Thread 0x000001085e9f6bd0 Uncommon trap: reason=unstable_if action=reinterpret pc=0x00000108304f64a0 method=java.lang.CharacterDataLatin1.equalsIgnoreCase(BB)Z @ 54 c2
Event: 28.124 Thread 0x000001085e9f6bd0 DEOPT PACKING pc=0x00000108304f64a0 sp=0x00000001023f1c70
Event: 28.124 Thread 0x000001085e9f6bd0 DEOPT UNPACKING pc=0x000001082fee46a2 sp=0x00000001023f1c00 mode 2
Event: 28.125 Thread 0x000001085e9f6bd0 Uncommon trap: trap_request=0xffffff45 fr.pc=0x00000108306048c0 relative=0x00000000000000a0
Event: 28.125 Thread 0x000001085e9f6bd0 Uncommon trap: reason=unstable_if action=reinterpret pc=0x00000108306048c0 method=sun.net.util.IPAddressUtil.scan(Ljava/lang/String;JJ[C)I @ 14 c2
Event: 28.125 Thread 0x000001085e9f6bd0 DEOPT PACKING pc=0x00000108306048c0 sp=0x00000001023f1c20
Event: 28.125 Thread 0x000001085e9f6bd0 DEOPT UNPACKING pc=0x000001082fee46a2 sp=0x00000001023f1aa0 mode 2
Event: 28.201 Thread 0x000001085e9f6bd0 Uncommon trap: trap_request=0xffffff45 fr.pc=0x0000010830668e3c relative=0x00000000000012bc
Event: 28.201 Thread 0x000001085e9f6bd0 Uncommon trap: reason=unstable_if action=reinterpret pc=0x0000010830668e3c method=java.lang.String.<init>(Ljava/nio/charset/Charset;[BII)V @ 417 c2
Event: 28.201 Thread 0x000001085e9f6bd0 DEOPT PACKING pc=0x0000010830668e3c sp=0x00000001023f4150
Event: 28.201 Thread 0x000001085e9f6bd0 DEOPT UNPACKING pc=0x000001082fee46a2 sp=0x00000001023f4110 mode 2
Event: 28.539 Thread 0x000001085e9f6bd0 Uncommon trap: trap_request=0xffffff45 fr.pc=0x00000108304a3c64 relative=0x00000000000001a4
Event: 28.539 Thread 0x000001085e9f6bd0 Uncommon trap: reason=unstable_if action=reinterpret pc=0x00000108304a3c64 method=sun.net.www.ParseUtil.encodePath(Ljava/lang/String;Z)Ljava/lang/String; @ 1 c2
Event: 28.539 Thread 0x000001085e9f6bd0 DEOPT PACKING pc=0x00000108304a3c64 sp=0x00000001023f5660
Event: 28.539 Thread 0x000001085e9f6bd0 DEOPT UNPACKING pc=0x000001082fee46a2 sp=0x00000001023f5618 mode 2
Event: 28.900 Thread 0x000001085e9f6bd0 Uncommon trap: trap_request=0xffffffde fr.pc=0x000001083059f414 relative=0x0000000000000074
Event: 28.900 Thread 0x000001085e9f6bd0 Uncommon trap: reason=class_check action=maybe_recompile pc=0x000001083059f414 method=java.util.Collections$UnmodifiableCollection.size()I @ 4 c2
Event: 28.900 Thread 0x000001085e9f6bd0 DEOPT PACKING pc=0x000001083059f414 sp=0x00000001023f58b0
Event: 28.900 Thread 0x000001085e9f6bd0 DEOPT UNPACKING pc=0x000001082fee46a2 sp=0x00000001023f5840 mode 2

Classes loaded (20 events):
Event: 28.933 Loading class sun/security/util/math/intpoly/IntegerPolynomialP384
Event: 28.933 Loading class sun/security/util/math/intpoly/IntegerPolynomialP384 done
Event: 28.933 Loading class sun/security/util/math/intpoly/IntegerPolynomialP521
Event: 28.934 Loading class sun/security/util/math/intpoly/IntegerPolynomialP521 done
Event: 28.934 Loading class sun/security/util/math/intpoly/P384OrderField
Event: 28.934 Loading class sun/security/util/math/intpoly/P384OrderField done
Event: 28.934 Loading class sun/security/util/math/intpoly/P521OrderField
Event: 28.935 Loading class sun/security/util/math/intpoly/P521OrderField done
Event: 28.935 Loading class java/security/interfaces/ECPrivateKey
Event: 28.935 Loading class java/security/interfaces/ECPrivateKey done
Event: 28.935 Loading class sun/security/util/ArrayUtil
Event: 28.936 Loading class sun/security/util/ArrayUtil done
Event: 28.939 Loading class sun/security/util/math/IntegerModuloP$MultiplicativeInverser$Secp256R1
Event: 28.939 Loading class sun/security/util/math/IntegerModuloP$MultiplicativeInverser$Secp256R1 done
Event: 28.984 Loading class sun/security/ssl/KeyShareExtension$CHKeyShareSpec
Event: 28.984 Loading class sun/security/ssl/KeyShareExtension$CHKeyShareSpec done
Event: 28.984 Loading class sun/security/ssl/OutputRecord$T13PaddingHolder
Event: 28.984 Loading class sun/security/ssl/OutputRecord$T13PaddingHolder done
Event: 28.984 Loading class sun/security/ssl/ContentType
Event: 28.984 Loading class sun/security/ssl/ContentType done

Classes unloaded (0 events):
No events

Classes redefined (0 events):
No events

Internal exceptions (20 events):
Event: 27.164 Thread 0x000001085e9f6bd0 Exception <a 'java/lang/ClassNotFoundException'{0x000000008608bd78}: org/gradle/api/internal/DefaultDomainObjectCollectionCustomizer> (0x000000008608bd78) 
thrown [s\open\src\hotspot\share\classfile\systemDictionary.cpp, line 312]
Event: 27.167 Thread 0x000001085e9f6bd0 Exception <a 'java/lang/ClassNotFoundException'{0x00000000860c6178}: org/gradle/api/internal/DefaultNamedDomainObjectCollectionCustomizer> (0x00000000860c6178) 
thrown [s\open\src\hotspot\share\classfile\systemDictionary.cpp, line 312]
Event: 27.169 Thread 0x000001085e9f6bd0 Exception <a 'java/lang/ClassNotFoundException'{0x0000000085f0d578}: org/gradle/api/internal/DefaultNamedDomainObjectListCustomizer> (0x0000000085f0d578) 
thrown [s\open\src\hotspot\share\classfile\systemDictionary.cpp, line 312]
Event: 27.171 Thread 0x000001085e9f6bd0 Exception <a 'java/lang/ClassNotFoundException'{0x0000000085f55c10}: org/gradle/api/internal/artifacts/DefaultArtifactRepositoryContainerCustomizer> (0x0000000085f55c10) 
thrown [s\open\src\hotspot\share\classfile\systemDictionary.cpp, line 312]
Event: 27.173 Thread 0x000001085e9f6bd0 Exception <a 'java/lang/ClassNotFoundException'{0x0000000085f9d2a0}: org/gradle/api/internal/artifacts/dsl/DefaultRepositoryHandlerCustomizer> (0x0000000085f9d2a0) 
thrown [s\open\src\hotspot\share\classfile\systemDictionary.cpp, line 312]
Event: 27.176 Thread 0x000001085e9f6bd0 Exception <a 'java/lang/ClassNotFoundException'{0x0000000085ff2488}: org/gradle/api/internal/artifacts/dsl/DefaultRepositoryHandler_DecoratedCustomizer> (0x0000000085ff2488) 
thrown [s\open\src\hotspot\share\classfile\systemDictionary.cpp, line 312]
Event: 27.180 Thread 0x000001085e9f6bd0 Implicit null exception at 0x000001083076f65d to 0x000001083076fb3c
Event: 27.180 Thread 0x000001085e9f6bd0 Implicit null exception at 0x000001083077155f to 0x0000010830771a20
Event: 27.183 Thread 0x000001085e9f6bd0 Exception <a 'java/lang/ClassNotFoundException'{0x0000000085e97560}: org/gradle/api/internal/artifacts/dsl/dependencies/DefaultDependencyHandler_DecoratedBeanInfo> (0x0000000085e97560) 
thrown [s\open\src\hotspot\share\classfile\systemDictionary.cpp, line 312]
Event: 27.184 Thread 0x000001085e9f6bd0 Exception <a 'java/lang/ClassNotFoundException'{0x0000000085eae300}: org/gradle/api/internal/artifacts/dsl/dependencies/DefaultDependencyHandlerBeanInfo> (0x0000000085eae300) 
thrown [s\open\src\hotspot\share\classfile\systemDictionary.cpp, line 312]
Event: 27.185 Thread 0x000001085e9f6bd0 Exception <a 'java/lang/ClassNotFoundException'{0x0000000085ec45a0}: org/gradle/api/internal/artifacts/dsl/dependencies/DefaultDependencyHandlerCustomizer> (0x0000000085ec45a0) 
thrown [s\open\src\hotspot\share\classfile\systemDictionary.cpp, line 312]
Event: 27.187 Thread 0x000001085e9f6bd0 Exception <a 'java/lang/ClassNotFoundException'{0x0000000085d0d910}: org/gradle/api/internal/artifacts/dsl/dependencies/DefaultDependencyHandler_DecoratedCustomizer> (0x0000000085d0d910) 
thrown [s\open\src\hotspot\share\classfile\systemDictionary.cpp, line 312]
Event: 27.658 Thread 0x000001085e9f6bd0 Exception <a 'java/lang/NoSuchMethodError'{0x000000008dc50e68}: 'java.lang.Object java.lang.invoke.DirectMethodHandle$Holder.invokeVirtual(java.lang.Object, java.lang.Object, java.lang.Object, java.lang.Object, java.lang.Object, java.lang.Object, java.lang.Object, java.lang.Object, java.lang.Object, java.lang.Object, java.lang.Object, java.lang.Object, java.lang.Object, java.lang.Object, java.lang.Object, java.lang.Object)'> (0x000000008dc50e68) 
thrown [s\open\src\hotspot\share\interpreter\linkResolver.cp
Event: 27.775 Thread 0x000001085e9f6bd0 Exception <a 'java/lang/NoSuchMethodError'{0x0000000086d1eaf8}: 'java.lang.Object java.lang.invoke.DirectMethodHandle$Holder.newInvokeSpecial(java.lang.Object, java.lang.Object, java.lang.Object, java.lang.Object, java.lang.Object, java.lang.Object, int)'> (0x0000000086d1eaf8) 
thrown [s\open\src\hotspot\share\interpreter\linkResolver.cpp, line 773]
Event: 27.775 Thread 0x000001085e9f6bd0 Exception <a 'java/lang/NoSuchMethodError'{0x0000000086d24010}: 'java.lang.Object java.lang.invoke.DirectMethodHandle$Holder.invokeSpecial(java.lang.Object, java.lang.Object, java.lang.Object, java.lang.Object, java.lang.Object, java.lang.Object, java.lang.Object, int)'> (0x0000000086d24010) 
thrown [s\open\src\hotspot\share\interpreter\linkResolver.cpp, line 773]
Event: 27.776 Thread 0x000001085e9f6bd0 Exception <a 'java/lang/NoSuchMethodError'{0x0000000086d29118}: 'java.lang.Object java.lang.invoke.Invokers$Holder.linkToTargetMethod(java.lang.Object, java.lang.Object, java.lang.Object, java.lang.Object, java.lang.Object, int, java.lang.Object)'> (0x0000000086d29118) 
thrown [s\open\src\hotspot\share\interpreter\linkResolver.cpp, line 773]
Event: 27.784 Thread 0x00000108602a2f50 Implicit null exception at 0x0000010830776b0b to 0x0000010830776bd0
Event: 27.784 Thread 0x00000108602a35e0 Implicit null exception at 0x00000108306cd287 to 0x00000108306cd354
Event: 28.118 Thread 0x000001085e9f6bd0 Exception <a 'sun/nio/fs/WindowsException'{0x0000000086a8ed30}> (0x0000000086a8ed30) 
thrown [s\open\src\hotspot\share\prims\jni.cpp, line 520]
Event: 28.191 Thread 0x000001085e9f6bd0 Exception <a 'java/lang/NoSuchMethodError'{0x0000000086722f50}: 'void java.lang.invoke.DirectMethodHandle$Holder.invokeVirtual(java.lang.Object, java.lang.Object)'> (0x0000000086722f50) 
thrown [s\open\src\hotspot\share\interpreter\linkResolver.cpp, line 773]

ZGC Phase Switch (0 events):
No events

VM Operations (20 events):
Event: 26.831 Executing VM operation: G1CollectForAllocation (G1 Evacuation Pause)
Event: 26.837 Executing VM operation: G1CollectForAllocation (G1 Evacuation Pause) done
Event: 27.157 Executing VM operation: ICBufferFull
Event: 27.158 Executing VM operation: ICBufferFull done
Event: 27.235 Executing VM operation: HandshakeAllThreads (Deoptimize)
Event: 27.235 Executing VM operation: HandshakeAllThreads (Deoptimize) done
Event: 27.394 Executing VM operation: ICBufferFull
Event: 27.395 Executing VM operation: ICBufferFull done
Event: 27.635 Executing VM operation: G1CollectForAllocation (G1 Evacuation Pause)
Event: 27.641 Executing VM operation: G1CollectForAllocation (G1 Evacuation Pause) done
Event: 27.887 Executing VM operation: HandshakeAllThreads (Deoptimize)
Event: 27.887 Executing VM operation: HandshakeAllThreads (Deoptimize) done
Event: 28.095 Executing VM operation: HandshakeAllThreads (Deoptimize)
Event: 28.095 Executing VM operation: HandshakeAllThreads (Deoptimize) done
Event: 28.096 Executing VM operation: HandshakeAllThreads (Deoptimize)
Event: 28.096 Executing VM operation: HandshakeAllThreads (Deoptimize) done
Event: 28.182 Executing VM operation: HandshakeAllThreads (Deoptimize)
Event: 28.182 Executing VM operation: HandshakeAllThreads (Deoptimize) done
Event: 28.285 Executing VM operation: HandshakeAllThreads (Deoptimize)
Event: 28.286 Executing VM operation: HandshakeAllThreads (Deoptimize) done

Events (20 events):
Event: 26.522 Thread 0x000001083d353de0 flushing nmethod 0x0000010830440410
Event: 26.522 Thread 0x000001083d353de0 flushing nmethod 0x000001083047b610
Event: 26.522 Thread 0x000001083d353de0 flushing nmethod 0x0000010830477190
Event: 26.522 Thread 0x000001083d353de0 flushing nmethod 0x000001083045b510
Event: 26.522 Thread 0x000001083d353de0 flushing nmethod 0x000001083045b190
Event: 27.195 Thread 0x000001086029f440 Thread added: 0x000001086029f440
Event: 27.784 Thread 0x00000108602a2f50 Thread added: 0x00000108602a2f50
Event: 27.784 Thread 0x000001086029cce0 Thread added: 0x000001086029cce0
Event: 27.784 Thread 0x00000108602a3c70 Thread added: 0x00000108602a3c70
Event: 27.784 Thread 0x00000108602a35e0 Thread added: 0x00000108602a35e0
Event: 27.784 Thread 0x000001086029d370 Thread added: 0x000001086029d370
Event: 27.784 Thread 0x000001086029fad0 Thread added: 0x000001086029fad0
Event: 27.785 Thread 0x000001086029da00 Thread added: 0x000001086029da00
Event: 27.785 Thread 0x000001086029e090 Thread added: 0x000001086029e090
Event: 27.785 Thread 0x00000108602a0160 Thread added: 0x00000108602a0160
Event: 27.786 Thread 0x000001086029e720 Thread added: 0x000001086029e720
Event: 28.084 Thread 0x0000010860f1b9d0 Thread exited: 0x0000010860f1b9d0
Event: 28.214 Thread 0x0000010862c053f0 Thread added: 0x0000010862c053f0
Event: 28.866 Thread 0x0000010862c053f0 Thread exited: 0x0000010862c053f0
Event: 28.943 Thread 0x0000010862c053f0 Thread added: 0x0000010862c053f0


Dynamic libraries:
0x00007ff772020000 - 0x00007ff772030000 	C:\Program Files\Java\jdk-21\bin\java.exe
0x00007fff0c8d0000 - 0x00007fff0cae7000 	C:\WINDOWS\SYSTEM32\ntdll.dll
0x00007fff0b690000 - 0x00007fff0b754000 	C:\WINDOWS\System32\KERNEL32.DLL
0x00007fff09d10000 - 0x00007fff0a0bd000 	C:\WINDOWS\System32\KERNELBASE.dll
0x00007fff09bf0000 - 0x00007fff09d01000 	C:\WINDOWS\System32\ucrtbase.dll
0x00007fff04e60000 - 0x00007fff04e79000 	C:\Program Files\Java\jdk-21\bin\jli.dll
0x00007fff03fc0000 - 0x00007fff03fdb000 	C:\Program Files\Java\jdk-21\bin\VCRUNTIME140.dll
0x00007fff0b230000 - 0x00007fff0b2e2000 	C:\WINDOWS\System32\ADVAPI32.dll
0x00007fff0a7b0000 - 0x00007fff0a857000 	C:\WINDOWS\System32\msvcrt.dll
0x00007fff0c6d0000 - 0x00007fff0c779000 	C:\WINDOWS\System32\sechost.dll
0x00007fff0a210000 - 0x00007fff0a238000 	C:\WINDOWS\System32\bcrypt.dll
0x00007fff0c340000 - 0x00007fff0c454000 	C:\WINDOWS\System32\RPCRT4.dll
0x00007fff0a600000 - 0x00007fff0a7ae000 	C:\WINDOWS\System32\USER32.dll
0x00007fff0a1e0000 - 0x00007fff0a206000 	C:\WINDOWS\System32\win32u.dll
0x00007ffeecff0000 - 0x00007ffeed283000 	C:\WINDOWS\WinSxS\amd64_microsoft.windows.common-controls_6595b64144ccf1df_6.0.22621.3672_none_2713b9d173822955\COMCTL32.dll
0x00007fff0b910000 - 0x00007fff0b939000 	C:\WINDOWS\System32\GDI32.dll
0x00007fff0a0c0000 - 0x00007fff0a1d9000 	C:\WINDOWS\System32\gdi32full.dll
0x00007fff0a560000 - 0x00007fff0a5fa000 	C:\WINDOWS\System32\msvcp_win.dll
0x00007fff00a00000 - 0x00007fff00a0a000 	C:\WINDOWS\SYSTEM32\VERSION.dll
0x00007fff0c2f0000 - 0x00007fff0c321000 	C:\WINDOWS\System32\IMM32.DLL
0x00007fff04eb0000 - 0x00007fff04ebc000 	C:\Program Files\Java\jdk-21\bin\vcruntime140_1.dll
0x00007ffef0e40000 - 0x00007ffef0ece000 	C:\Program Files\Java\jdk-21\bin\msvcp140.dll
0x00007ffea1570000 - 0x00007ffea2285000 	C:\Program Files\Java\jdk-21\bin\server\jvm.dll
0x00007fff0b940000 - 0x00007fff0b9b1000 	C:\WINDOWS\System32\WS2_32.dll
0x00007fff09850000 - 0x00007fff0989d000 	C:\WINDOWS\SYSTEM32\POWRPROF.dll
0x00007fff04bc0000 - 0x00007fff04bf4000 	C:\WINDOWS\SYSTEM32\WINMM.dll
0x00007fff09690000 - 0x00007fff096a3000 	C:\WINDOWS\SYSTEM32\UMPDC.dll
0x00007fff08c20000 - 0x00007fff08c38000 	C:\WINDOWS\SYSTEM32\kernel.appcore.dll
0x00007fff03cd0000 - 0x00007fff03cda000 	C:\Program Files\Java\jdk-21\bin\jimage.dll
0x00007fff07460000 - 0x00007fff07692000 	C:\WINDOWS\SYSTEM32\DBGHELP.DLL
0x00007fff0b9e0000 - 0x00007fff0bd6d000 	C:\WINDOWS\System32\combase.dll
0x00007fff0b5b0000 - 0x00007fff0b687000 	C:\WINDOWS\System32\OLEAUT32.dll
0x00007ffef2e30000 - 0x00007ffef2e62000 	C:\WINDOWS\SYSTEM32\dbgcore.DLL
0x00007fff0a470000 - 0x00007fff0a4eb000 	C:\WINDOWS\System32\bcryptPrimitives.dll
0x00007fff03cc0000 - 0x00007fff03ccf000 	C:\Program Files\Java\jdk-21\bin\instrument.dll
0x00007ffef9280000 - 0x00007ffef929f000 	C:\Program Files\Java\jdk-21\bin\java.dll
0x00007fff0a900000 - 0x00007fff0b168000 	C:\WINDOWS\System32\SHELL32.dll
0x00007fff07b00000 - 0x00007fff083fe000 	C:\WINDOWS\SYSTEM32\windows.storage.dll
0x00007fff079c0000 - 0x00007fff07aff000 	C:\WINDOWS\SYSTEM32\wintypes.dll
0x00007fff0b2f0000 - 0x00007fff0b3e9000 	C:\WINDOWS\System32\SHCORE.dll
0x00007fff0b170000 - 0x00007fff0b1ce000 	C:\WINDOWS\System32\shlwapi.dll
0x00007fff09b20000 - 0x00007fff09b41000 	C:\WINDOWS\SYSTEM32\profapi.dll
0x00007ffee85b0000 - 0x00007ffee8687000 	C:\Program Files\Java\jdk-21\bin\jsvml.dll
0x00007ffef8cc0000 - 0x00007ffef8cd8000 	C:\Program Files\Java\jdk-21\bin\zip.dll
0x00007ffefbb30000 - 0x00007ffefbb40000 	C:\Program Files\Java\jdk-21\bin\net.dll
0x00007fff061b0000 - 0x00007fff062e6000 	C:\WINDOWS\SYSTEM32\WINHTTP.dll
0x00007fff09090000 - 0x00007fff090f9000 	C:\WINDOWS\system32\mswsock.dll
0x00007ffef87c0000 - 0x00007ffef87d6000 	C:\Program Files\Java\jdk-21\bin\nio.dll
0x00007ffef9bf0000 - 0x00007ffef9c00000 	C:\Program Files\Java\jdk-21\bin\verify.dll
0x00007ffef58d0000 - 0x00007ffef58f7000 	C:\Users\lenovo\.gradle\native\c067742578af261105cb4f569cf0c3c89f3d7b1fecec35dd04571415982c5e48\windows-amd64\native-platform.dll
0x00007ffedb1e0000 - 0x00007ffedb324000 	C:\Users\lenovo\.gradle\native\38dada09dfb8b06ba9b0570ebf7e218e3eb74d4ef43ca46872605cf95ebc2f47\windows-amd64\native-platform-file-events.dll
0x00007ffef99f0000 - 0x00007ffef99fa000 	C:\Program Files\Java\jdk-21\bin\management.dll
0x00007ffef8fa0000 - 0x00007ffef8fab000 	C:\Program Files\Java\jdk-21\bin\management_ext.dll
0x00007fff0b1d0000 - 0x00007fff0b1d8000 	C:\WINDOWS\System32\PSAPI.DLL
0x00007fff092f0000 - 0x00007fff0930b000 	C:\WINDOWS\SYSTEM32\CRYPTSP.dll
0x00007fff08b80000 - 0x00007fff08bb5000 	C:\WINDOWS\system32\rsaenh.dll
0x00007fff09190000 - 0x00007fff091b8000 	C:\WINDOWS\SYSTEM32\USERENV.dll
0x00007fff09310000 - 0x00007fff0931c000 	C:\WINDOWS\SYSTEM32\CRYPTBASE.dll
0x00007fff08660000 - 0x00007fff0868d000 	C:\WINDOWS\SYSTEM32\IPHLPAPI.DLL
0x00007fff0c330000 - 0x00007fff0c339000 	C:\WINDOWS\System32\NSI.dll
0x00007ffef80a0000 - 0x00007ffef80a7000 	C:\Program Files\Java\jdk-21\bin\extnet.dll
0x00007ffef8090000 - 0x00007ffef809e000 	C:\Program Files\Java\jdk-21\bin\sunmscapi.dll
0x00007fff0a300000 - 0x00007fff0a467000 	C:\WINDOWS\System32\CRYPT32.dll
0x00007fff09520000 - 0x00007fff0954e000 	C:\WINDOWS\SYSTEM32\ncrypt.dll
0x00007fff094e0000 - 0x00007fff09517000 	C:\WINDOWS\SYSTEM32\NTASN1.dll
0x00007ffefa3a0000 - 0x00007ffefa3a8000 	C:\WINDOWS\system32\wshunix.dll
0x00007ffeebbb0000 - 0x00007ffeebbc7000 	C:\WINDOWS\system32\napinsp.dll
0x00007ffeebb90000 - 0x00007ffeebbab000 	C:\WINDOWS\system32\pnrpnsp.dll
0x00007fff086d0000 - 0x00007fff087c8000 	C:\WINDOWS\SYSTEM32\DNSAPI.dll
0x00007ffeea950000 - 0x00007ffeea961000 	C:\WINDOWS\System32\winrnr.dll
0x00007ffeea930000 - 0x00007ffeea945000 	C:\WINDOWS\system32\wshbth.dll
0x00007ffeea630000 - 0x00007ffeea657000 	C:\WINDOWS\system32\nlansp_c.dll
0x0000000070160000 - 0x0000000070186000 	C:\Program Files\Bonjour\mdnsNSP.dll
0x00007fff05150000 - 0x00007fff0515a000 	C:\Windows\System32\rasadhlp.dll
0x00007fff051c0000 - 0x00007fff05243000 	C:\WINDOWS\System32\fwpuclnt.dll

dbghelp: loaded successfully - version: 4.0.5 - missing functions: none
symbol engine: initialized successfully - sym options: 0x614 - pdb path: .;C:\Program Files\Java\jdk-21\bin;C:\WINDOWS\SYSTEM32;C:\WINDOWS\WinSxS\amd64_microsoft.windows.common-controls_6595b64144ccf1df_6.0.22621.3672_none_2713b9d173822955;C:\Program Files\Java\jdk-21\bin\server;C:\Users\lenovo\.gradle\native\c067742578af261105cb4f569cf0c3c89f3d7b1fecec35dd04571415982c5e48\windows-amd64;C:\Users\lenovo\.gradle\native\38dada09dfb8b06ba9b0570ebf7e218e3eb74d4ef43ca46872605cf95ebc2f47\windows-amd64;C:\Program Files\Bonjour

VM Arguments:
jvm_args: -XX:MaxMetaspaceSize=512m --add-opens=java.base/java.util=ALL-UNNAMED --add-opens=java.base/java.lang=ALL-UNNAMED --add-opens=java.base/java.lang.invoke=ALL-UNNAMED --add-opens=java.prefs/java.util.prefs=ALL-UNNAMED --add-opens=java.base/java.nio.charset=ALL-UNNAMED --add-opens=java.base/java.net=ALL-UNNAMED --add-opens=java.base/java.util.concurrent.atomic=ALL-UNNAMED -Xmx2048m -Dfile.encoding=UTF-8 -Duser.country=IN -Duser.language=en -Duser.variant -javaagent:C:\Users\lenovo\.gradle\wrapper\dists\gradle-8.5-all\3zlzzgtsutfj0pbojr50n2l7z\gradle-8.5\lib\agents\gradle-instrumentation-agent-8.5.jar 
java_command: org.gradle.launcher.daemon.bootstrap.GradleDaemon 8.5
java_class_path (initial): C:\Users\lenovo\.gradle\wrapper\dists\gradle-8.5-all\3zlzzgtsutfj0pbojr50n2l7z\gradle-8.5\lib\gradle-launcher-8.5.jar
Launcher Type: SUN_STANDARD

[Global flags]
     intx CICompilerCount                          = 4                                         {product} {ergonomic}
   size_t CompressedClassSpaceSize                 = 436207616                                 {product} {ergonomic}
     uint ConcGCThreads                            = 3                                         {product} {ergonomic}
     uint G1ConcRefinementThreads                  = 10                                        {product} {ergonomic}
   size_t G1HeapRegionSize                         = 1048576                                   {product} {ergonomic}
    uintx GCDrainStackTargetSize                   = 64                                        {product} {ergonomic}
   size_t InitialHeapSize                          = 232783872                                 {product} {ergonomic}
   size_t MarkStackSize                            = 4194304                                   {product} {ergonomic}
   size_t MaxHeapSize                              = 2147483648                                {product} {command line}
   size_t MaxMetaspaceSize                         = 536870912                                 {product} {command line}
   size_t MaxNewSize                               = 1287651328                                {product} {ergonomic}
   size_t MinHeapDeltaBytes                        = 1048576                                   {product} {ergonomic}
   size_t MinHeapSize                              = 8388608                                   {product} {ergonomic}
    uintx NonNMethodCodeHeapSize                   = 5839372                                {pd product} {ergonomic}
    uintx NonProfiledCodeHeapSize                  = 122909434                              {pd product} {ergonomic}
    uintx ProfiledCodeHeapSize                     = 122909434                              {pd product} {ergonomic}
    uintx ReservedCodeCacheSize                    = 251658240                              {pd product} {ergonomic}
     bool SegmentedCodeCache                       = true                                      {product} {ergonomic}
   size_t SoftMaxHeapSize                          = 2147483648                             {manageable} {ergonomic}
     bool UseCompressedOops                        = true                           {product lp64_product} {ergonomic}
     bool UseG1GC                                  = true                                      {product} {ergonomic}
     bool UseLargePagesIndividualAllocation        = false                                  {pd product} {ergonomic}

Logging:
Log output configuration:
 #0: stdout all=warning uptime,level,tags foldmultilines=false
 #1: stderr all=off uptime,level,tags foldmultilines=false

Environment Variables:
JAVA_HOME=C:\Program Files\Java\jdk-21
CLASSPATH=D:\Internship_1\Internship4\aquark\AlphaQuark\android\\gradle\wrapper\gradle-wrapper.jar
PATH=D:\Internship_1\Internship4\aquark\AlphaQuark\node_modules\.bin;D:\Internship_1\Internship4\aquark\node_modules\.bin;D:\Internship_1\Internship4\node_modules\.bin;D:\Internship_1\node_modules\.bin;D:\node_modules\.bin;C:\Program Files\nodejs\node_modules\npm\node_modules\@npmcli\run-script\lib\node-gyp-bin;C:\Program Files\Microsoft\jdk-17.0.11.9-hotspot\bin;C:\ProgramData\chocolatey\bin;C:\Program Files\nodejs\;C:\Users\lenovo\AppData\Local\Android\Sdk\platform-tools;C:\Program Files\UniConvertor-2.0rc5\;C:\Program Files\UniConvertor-2.0rc5\dlls;C:\Users\lenovo\AppData\Local\Programs\Python\Python311\Scripts\;C:\Users\lenovo\AppData\Local\Programs\Python\Python311\;C:\Users\lenovo\AppData\Roaming\Microsoft\Windows\Start Menu\Programs\Python 3.10;C:\Users\lenovo\AppData\Local\Programs\Microsoft VS Code\bin;C:\Users\lenovo\AppData\Local\Microsoft\WindowsApps;C:\Users\lenovo\go\bin;C:\Users\lenovo\AppData\Local\GitHubDesktop\bin;C:\Users\lenovo\OneDrive\Desktop\Project_material\ParkPlace-main\flutter\bin;C:\Users\lenovo\OneDrive\Desktop\Project_material\ParkPlace-main\Pars\flutter\bin;C:\Program Files\Java\jdk-21\bin;D:\Projects\kaamkaro\flutter\bin;"C:\Users\lenovo\AppData\Local\Android\Sdk\platform-tools;";C:\Windows\System32;C:\Program Files\Git\bin;C:\Program Files\nodejs;C:\Program Files\Java\jdk-21\bin;C:\Users\lenovo\AppData\Roaming\npm
USERNAME=lenovo
LANG=en_US.UTF-8
OS=Windows_NT
PROCESSOR_IDENTIFIER=AMD64 Family 25 Model 80 Stepping 0, AuthenticAMD
TMP=C:\Users\lenovo\AppData\Local\Temp
TEMP=C:\Users\lenovo\AppData\Local\Temp




Periodic native trim disabled

---------------  S Y S T E M  ---------------

OS:
 Windows 11 , 64 bit Build 22621 (10.0.22621.3958)
OS uptime: 15 days 2:23 hours
Hyper-V role detected

CPU: total 12 (initial active 12) (12 cores per cpu, 2 threads per core) family 25 model 80 stepping 0 microcode 0x0, cx8, cmov, fxsr, ht, mmx, 3dnowpref, sse, sse2, sse3, ssse3, sse4a, sse4.1, sse4.2, popcnt, lzcnt, tsc, tscinvbit, avx, avx2, aes, erms, clmul, bmi1, bmi2, adx, sha, fma, vzeroupper, clflush, clflushopt, hv, rdtscp, rdpid, fsrm, f16c, cet_ss
Processor Information for all 12 processors :
  Max Mhz: 2301, Current Mhz: 2301, Mhz Limit: 2301

Memory: 4k page, system-wide physical 14188M (427M free)
TotalPageFile size 44600M (AvailPageFile size 21M)
current process WorkingSet (physical memory assigned to process): 359M, peak: 362M
current process commit charge ("private bytes"): 403M, peak: 411M

vm_info: Java HotSpot(TM) 64-Bit Server VM (21.0.1+12-LTS-29) for windows-amd64 JRE (21.0.1+12-LTS-29), built on 2023-10-05T13:27:09Z by "mach5one" with MS VC++ 17.1 (VS2022)

END.
